2020-01-30 15:51:15	scrapy.utils.log	INFO	Scrapy 1.8.0 started (bot: WeiboSearch)
2020-01-30 15:51:15	scrapy.utils.log	INFO	Versions: lxml 4.4.2.0, libxml2 2.9.9, cssselect 1.1.0, parsel 1.5.2, w3lib 1.21.0, Twisted 19.10.0, Python 3.7.5 (default, Oct 25 2019, 10:52:18) - [Clang 4.0.1 (tags/RELEASE_401/final)], pyOpenSSL 19.1.0 (OpenSSL 1.1.1d  10 Sep 2019), cryptography 2.8, Platform Darwin-19.3.0-x86_64-i386-64bit
2020-01-30 15:51:15	scrapy.crawler	INFO	Overridden settings: {'BOT_NAME': 'WeiboSearch', 'DOWNLOAD_DELAY': 1, 'LOG_ENABLED': '0', 'NEWSPIDER_MODULE': 'WeiboSearch.spiders', 'RETRY_HTTP_CODES': [401, 403, 408, 414, 500, 502, 503, 504], 'SPIDER_MODULES': ['WeiboSearch.spiders']}
2020-01-30 15:51:15	scrapy.extensions.telnet	INFO	Telnet Password: 914998fa8c702cb4
2020-01-30 15:51:15	scrapy.middleware	INFO	Enabled extensions:
['scrapy.extensions.corestats.CoreStats',
 'scrapy.extensions.telnet.TelnetConsole',
 'scrapy.extensions.memusage.MemoryUsage',
 'scrapy.extensions.logstats.LogStats']
2020-01-30 15:51:16	scrapy.middleware	INFO	Enabled downloader middlewares:
['scrapy.downloadermiddlewares.httpauth.HttpAuthMiddleware',
 'scrapy.downloadermiddlewares.downloadtimeout.DownloadTimeoutMiddleware',
 'scrapy.downloadermiddlewares.defaultheaders.DefaultHeadersMiddleware',
 'scrapy.downloadermiddlewares.useragent.UserAgentMiddleware',
 'scrapy.downloadermiddlewares.retry.RetryMiddleware',
 'WeiboSearch.middlewares.CookiesMiddleware',
 'WeiboSearch.middlewares.ProxyMiddleware',
 'scrapy.downloadermiddlewares.redirect.MetaRefreshMiddleware',
 'scrapy.downloadermiddlewares.httpcompression.HttpCompressionMiddleware',
 'scrapy.downloadermiddlewares.httpproxy.HttpProxyMiddleware',
 'scrapy.downloadermiddlewares.stats.DownloaderStats']
2020-01-30 15:51:16	scrapy.middleware	INFO	Enabled spider middlewares:
['scrapy.spidermiddlewares.httperror.HttpErrorMiddleware',
 'scrapy.spidermiddlewares.offsite.OffsiteMiddleware',
 'scrapy.spidermiddlewares.referer.RefererMiddleware',
 'scrapy.spidermiddlewares.urllength.UrlLengthMiddleware',
 'scrapy.spidermiddlewares.depth.DepthMiddleware']
2020-01-30 15:51:16	scrapy.middleware	INFO	Enabled item pipelines:
['WeiboSearch.pipelines.TimePipeline',
 'WeiboSearch.pipelines.WeiboSpiderPipeline',
 'WeiboSearch.pipelines.MongoPipeline']
2020-01-30 15:51:16	scrapy.core.engine	INFO	Spider opened
2020-01-30 15:51:16	scrapy.extensions.logstats	INFO	Crawled 0 pages (at 0 pages/min), scraped 0 items (at 0 items/min)
2020-01-30 15:51:16	scrapy.extensions.telnet	INFO	Telnet console listening on 127.0.0.1:6023
2020-01-30 15:51:46	scrapy.core.scraper	ERROR	Error downloading <GET https://weibo.cn/search/mblog?hideSearchFrame=&keyword=%E4%B9%8C%E9%B2%81%E6%9C%A8%E9%BD%90%E5%B8%82%E5%85%AC%E5%85%B1%E4%BA%A4%E9%80%9A%E9%9B%86%E5%9B%A2%E6%9C%89%E9%99%90%E5%85%AC%E5%8F%B8%E4%B8%A5%E6%AD%A3%E5%A3%B0%E6%98%8E&advancedfilter=1&starttime=20200128&endtime=20200129&sort=time>
Traceback (most recent call last):
  File "/Users/gao/.local/lib/python3.7/site-packages/twisted/internet/defer.py", line 1418, in _inlineCallbacks
    result = g.send(result)
  File "/Users/gao/opt/anaconda3/lib/python3.7/site-packages/scrapy/core/downloader/middleware.py", line 38, in process_request
    response = yield method(request=request, spider=spider)
  File "/Users/gao/PycharmProjects/WeiboCrawler/WeiboSearch/middlewares.py", line 69, in process_request
    all_count = self.account_collection.find({'status': 'success'}).count()
  File "/Users/gao/opt/anaconda3/lib/python3.7/site-packages/pymongo/cursor.py", line 787, in count
    cmd, self.__collation, session=self.__session)
  File "/Users/gao/opt/anaconda3/lib/python3.7/site-packages/pymongo/collection.py", line 1600, in _count
    _cmd, self._read_preference_for(session), session)
  File "/Users/gao/opt/anaconda3/lib/python3.7/site-packages/pymongo/mongo_client.py", line 1455, in _retryable_read
    read_pref, session, address=address)
  File "/Users/gao/opt/anaconda3/lib/python3.7/site-packages/pymongo/mongo_client.py", line 1254, in _select_server
    server = topology.select_server(server_selector)
  File "/Users/gao/opt/anaconda3/lib/python3.7/site-packages/pymongo/topology.py", line 231, in select_server
    address))
  File "/Users/gao/opt/anaconda3/lib/python3.7/site-packages/pymongo/topology.py", line 189, in select_servers
    selector, server_timeout, address)
  File "/Users/gao/opt/anaconda3/lib/python3.7/site-packages/pymongo/topology.py", line 205, in _select_servers_loop
    self._error_message(selector))
pymongo.errors.ServerSelectionTimeoutError: 127.0.0.1:27017: [Errno 61] Connection refused
2020-01-30 15:51:46	scrapy.core.engine	INFO	Closing spider (finished)
2020-01-30 15:51:46	scrapy.statscollectors	INFO	Dumping Scrapy stats:
{'downloader/exception_count': 1,
 'downloader/exception_type_count/pymongo.errors.ServerSelectionTimeoutError': 1,
 'elapsed_time_seconds': 30.444708,
 'finish_reason': 'finished',
 'finish_time': datetime.datetime(2020, 1, 30, 6, 51, 46, 713366),
 'log_count/ERROR': 1,
 'log_count/INFO': 10,
 'memusage/max': 108556288,
 'memusage/startup': 108552192,
 'scheduler/dequeued': 1,
 'scheduler/dequeued/memory': 1,
 'scheduler/enqueued': 1,
 'scheduler/enqueued/memory': 1,
 'start_time': datetime.datetime(2020, 1, 30, 6, 51, 16, 268658)}
2020-01-30 15:51:46	scrapy.core.engine	INFO	Spider closed (finished)
2020-01-30 15:53:17	scrapy.utils.log	INFO	Scrapy 1.8.0 started (bot: WeiboSearch)
2020-01-30 15:53:17	scrapy.utils.log	INFO	Versions: lxml 4.4.2.0, libxml2 2.9.9, cssselect 1.1.0, parsel 1.5.2, w3lib 1.21.0, Twisted 19.10.0, Python 3.7.5 (default, Oct 25 2019, 10:52:18) - [Clang 4.0.1 (tags/RELEASE_401/final)], pyOpenSSL 19.1.0 (OpenSSL 1.1.1d  10 Sep 2019), cryptography 2.8, Platform Darwin-19.3.0-x86_64-i386-64bit
2020-01-30 15:53:17	scrapy.crawler	INFO	Overridden settings: {'BOT_NAME': 'WeiboSearch', 'DOWNLOAD_DELAY': 1, 'LOG_ENABLED': '0', 'NEWSPIDER_MODULE': 'WeiboSearch.spiders', 'RETRY_HTTP_CODES': [401, 403, 408, 414, 500, 502, 503, 504], 'SPIDER_MODULES': ['WeiboSearch.spiders']}
2020-01-30 15:53:17	scrapy.extensions.telnet	INFO	Telnet Password: 7c6627f0a2a9679f
2020-01-30 15:53:17	scrapy.middleware	INFO	Enabled extensions:
['scrapy.extensions.corestats.CoreStats',
 'scrapy.extensions.telnet.TelnetConsole',
 'scrapy.extensions.memusage.MemoryUsage',
 'scrapy.extensions.logstats.LogStats']
2020-01-30 15:53:18	scrapy.middleware	INFO	Enabled downloader middlewares:
['scrapy.downloadermiddlewares.httpauth.HttpAuthMiddleware',
 'scrapy.downloadermiddlewares.downloadtimeout.DownloadTimeoutMiddleware',
 'scrapy.downloadermiddlewares.defaultheaders.DefaultHeadersMiddleware',
 'scrapy.downloadermiddlewares.useragent.UserAgentMiddleware',
 'scrapy.downloadermiddlewares.retry.RetryMiddleware',
 'WeiboSearch.middlewares.CookiesMiddleware',
 'WeiboSearch.middlewares.ProxyMiddleware',
 'scrapy.downloadermiddlewares.redirect.MetaRefreshMiddleware',
 'scrapy.downloadermiddlewares.httpcompression.HttpCompressionMiddleware',
 'scrapy.downloadermiddlewares.httpproxy.HttpProxyMiddleware',
 'scrapy.downloadermiddlewares.stats.DownloaderStats']
2020-01-30 15:53:18	scrapy.middleware	INFO	Enabled spider middlewares:
['scrapy.spidermiddlewares.httperror.HttpErrorMiddleware',
 'scrapy.spidermiddlewares.offsite.OffsiteMiddleware',
 'scrapy.spidermiddlewares.referer.RefererMiddleware',
 'scrapy.spidermiddlewares.urllength.UrlLengthMiddleware',
 'scrapy.spidermiddlewares.depth.DepthMiddleware']
2020-01-30 15:53:18	scrapy.middleware	INFO	Enabled item pipelines:
['WeiboSearch.pipelines.TimePipeline',
 'WeiboSearch.pipelines.WeiboSpiderPipeline',
 'WeiboSearch.pipelines.MongoPipeline']
2020-01-30 15:53:18	scrapy.core.engine	INFO	Spider opened
2020-01-30 15:53:18	scrapy.extensions.logstats	INFO	Crawled 0 pages (at 0 pages/min), scraped 0 items (at 0 items/min)
2020-01-30 15:53:18	scrapy.extensions.telnet	INFO	Telnet console listening on 127.0.0.1:6023
2020-01-30 15:53:18	urllib3.connectionpool	DEBUG	Starting new HTTP connection (1): 127.0.0.1:5000
2020-01-30 15:53:19	scrapy.core.engine	DEBUG	Crawled (200) <GET https://weibo.cn/search/mblog?hideSearchFrame=&keyword=%E4%B9%8C%E9%B2%81%E6%9C%A8%E9%BD%90%E5%B8%82%E5%85%AC%E5%85%B1%E4%BA%A4%E9%80%9A%E9%9B%86%E5%9B%A2%E6%9C%89%E9%99%90%E5%85%AC%E5%8F%B8%E4%B8%A5%E6%AD%A3%E5%A3%B0%E6%98%8E&advancedfilter=1&starttime=20200128&endtime=20200129&sort=time> (referer: None)
2020-01-30 15:53:55	scrapy.core.scraper	DEBUG	Scraped from <200 https://weibo.cn/search/mblog?hideSearchFrame=&keyword=%E4%B9%8C%E9%B2%81%E6%9C%A8%E9%BD%90%E5%B8%82%E5%85%AC%E5%85%B1%E4%BA%A4%E9%80%9A%E9%9B%86%E5%9B%A2%E6%9C%89%E9%99%90%E5%85%AC%E5%8F%B8%E4%B8%A5%E6%AD%A3%E5%A3%B0%E6%98%8E&advancedfilter=1&starttime=20200128&endtime=20200129&sort=time>
{'crawled_at': '2020-01-30 15:53:55',
 'created_at': '2020-01-29 22:56',
 'favorite_count': 126,
 'id_str': '2526769220_IrMiVaIGN',
 'image_url': 'http://wx4.sinaimg.cn/wap180/969b7044ly1gbdtpurzn6j20bm0lwgol.jpg',
 'reply_count': 56,
 'retweet_count': 11,
 'source': 'iPhone X',
 'text': '【“乌鲁木齐公交集团停运公交线路”系谣言】1月29日中午，一则“消息”迅速在网上传播。乌鲁木齐市公共交通集团有限公司严正声明：公交集团负责运营管理的公交线路，没有接到上级安排停运指令。上述“消息”均为谣言，请广大市民不信谣、不传谣，放心乘车。公交集团表示，按照上级部门的工作部署和要求，将严格落实运营车辆消毒、通风等“防控”措施。按照运营计划做好出车服务。同时，加强公交职工的个人防护防控工作，竭尽全力保障市民出行，提供安全的乘车环境。cr乌鲁木齐公交集团',
 'user': '2526769220',
 'username': '乌鲁木齐爆新鲜',
 'weibo_url': 'https://weibo.com/2526769220/IrMiVaIGN'}
2020-01-30 15:53:59	urllib3.connectionpool	DEBUG	Starting new HTTP connection (1): 127.0.0.1:5000
2020-01-30 15:53:59	urllib3.connectionpool	DEBUG	Starting new HTTP connection (1): 127.0.0.1:5000
2020-01-30 15:53:59	scrapy.core.scraper	DEBUG	Scraped from <200 https://weibo.cn/search/mblog?hideSearchFrame=&keyword=%E4%B9%8C%E9%B2%81%E6%9C%A8%E9%BD%90%E5%B8%82%E5%85%AC%E5%85%B1%E4%BA%A4%E9%80%9A%E9%9B%86%E5%9B%A2%E6%9C%89%E9%99%90%E5%85%AC%E5%8F%B8%E4%B8%A5%E6%AD%A3%E5%A3%B0%E6%98%8E&advancedfilter=1&starttime=20200128&endtime=20200129&sort=time>
{'crawled_at': '2020-01-30 15:53:59',
 'created_at': '2020-01-29 22:30',
 'favorite_count': 0,
 'id_str': '1296520662_IrM8nwqmE',
 'image_url': 'http://wx1.sinaimg.cn/wap180/4d4755d6ly1gbdsx3ub4kj20u01t044q.jpg',
 'place': True,
 'reply_count': 1,
 'retweet_count': 1,
 'source': 'HUAWEI Mate 20 Pro',
 'text': '乌鲁木齐市公共交通集团有限公司严正声明：公交集团负责运营管理的公交线路，没有接到上级安排停运指令。上述“消息”均为谣言，请广大市民不信谣、不传谣，放心乘车。#万众一心打赢疫情防控阻击战##抗击新型肺炎我们在行动##新型冠状病毒可通过接触传播##新型冠状病毒##抗击新型肺炎第一线##辟谣##微博辟谣##乌鲁木齐##乌鲁木齐身边事##正能量##公交##交通#',
 'user': '1296520662',
 'username': '易会林',
 'weibo_url': 'https://weibo.com/1296520662/IrM8nwqmE'}
2020-01-30 15:53:59	urllib3.connectionpool	DEBUG	Starting new HTTP connection (1): 127.0.0.1:5000
2020-01-30 15:54:00	scrapy.core.engine	DEBUG	Crawled (200) <GET https://weibo.cn/1296520662/IrM8nwqmE> (referer: https://weibo.cn/search/mblog?hideSearchFrame=&keyword=%E4%B9%8C%E9%B2%81%E6%9C%A8%E9%BD%90%E5%B8%82%E5%85%AC%E5%85%B1%E4%BA%A4%E9%80%9A%E9%9B%86%E5%9B%A2%E6%9C%89%E9%99%90%E5%85%AC%E5%8F%B8%E4%B8%A5%E6%AD%A3%E5%A3%B0%E6%98%8E&advancedfilter=1&starttime=20200128&endtime=20200129&sort=time)
2020-01-30 15:54:00	scrapy.core.scraper	DEBUG	Scraped from <200 https://weibo.cn/1296520662/IrM8nwqmE>
{'crawled_at': '2020-01-30 15:54:00',
 'created_at': '2020-01-29 22:30',
 'favorite_count': 0,
 'id_str': '1296520662_IrM8nwqmE',
 'image_url': 'http://wx1.sinaimg.cn/wap180/4d4755d6ly1gbdsx3ub4kj20u01t044q.jpg',
 'place': '乌鲁木齐·格林威治城',
 'reply_count': 1,
 'retweet_count': 1,
 'source': 'HUAWEI Mate 20 Pro',
 'text': '乌鲁木齐市公共交通集团有限公司严正声明：公交集团负责运营管理的公交线路，没有接到上级安排停运指令。上述“消息”均为谣言，请广大市民不信谣、不传谣，放心乘车。#万众一心打赢疫情防控阻击战##抗击新型肺炎我们在行动##新型冠状病毒可通过接触传播##新型冠状病毒##抗击新型肺炎第一线##辟谣##微博辟谣##乌鲁木齐##乌鲁木齐身边事##正能量##公交##交通#',
 'user': '1296520662',
 'username': '易会林',
 'weibo_url': 'https://weibo.com/1296520662/IrM8nwqmE'}
2020-01-30 15:54:01	scrapy.core.engine	DEBUG	Crawled (200) <GET https://weibo.cn/2526769220/info> (referer: https://weibo.cn/search/mblog?hideSearchFrame=&keyword=%E4%B9%8C%E9%B2%81%E6%9C%A8%E9%BD%90%E5%B8%82%E5%85%AC%E5%85%B1%E4%BA%A4%E9%80%9A%E9%9B%86%E5%9B%A2%E6%9C%89%E9%99%90%E5%85%AC%E5%8F%B8%E4%B8%A5%E6%AD%A3%E5%A3%B0%E6%98%8E&advancedfilter=1&starttime=20200128&endtime=20200129&sort=time)
2020-01-30 15:54:01	urllib3.connectionpool	DEBUG	Starting new HTTP connection (1): 127.0.0.1:5000
2020-01-30 15:54:02	scrapy.core.engine	DEBUG	Crawled (200) <GET https://weibo.cn/1296520662/info> (referer: https://weibo.cn/search/mblog?hideSearchFrame=&keyword=%E4%B9%8C%E9%B2%81%E6%9C%A8%E9%BD%90%E5%B8%82%E5%85%AC%E5%85%B1%E4%BA%A4%E9%80%9A%E9%9B%86%E5%9B%A2%E6%9C%89%E9%99%90%E5%85%AC%E5%8F%B8%E4%B8%A5%E6%AD%A3%E5%A3%B0%E6%98%8E&advancedfilter=1&starttime=20200128&endtime=20200129&sort=time)
2020-01-30 15:54:03	urllib3.connectionpool	DEBUG	Starting new HTTP connection (1): 127.0.0.1:5000
2020-01-30 15:54:03	scrapy.core.engine	DEBUG	Crawled (200) <GET https://weibo.cn/u/2526769220> (referer: https://weibo.cn/2526769220/info)
2020-01-30 15:54:04	scrapy.core.scraper	DEBUG	Scraped from <200 https://weibo.cn/u/2526769220>
{'authentication': '微博乌鲁木齐同城大使 微博故事原创作者 微博原创视频博主',
 'brief_introduction': '乌鲁木齐同城大使',
 'city': '乌鲁木齐',
 'crawled_at': '2020-01-30 15:54:04',
 'fans_num': 697679,
 'follows_num': 714,
 'gender': '男',
 'id': '2526769220',
 'labels': '电影,唱歌,90后',
 'name': '乌鲁木齐爆新鲜',
 'province': '新疆',
 'tweets_num': 16242,
 'vip_level': '6级'}
2020-01-30 15:54:05	scrapy.core.engine	DEBUG	Crawled (200) <GET https://weibo.cn/u/1296520662> (referer: https://weibo.cn/1296520662/info)
2020-01-30 15:54:05	scrapy.core.scraper	DEBUG	Scraped from <200 https://weibo.cn/u/1296520662>
{'authentication': '记者、新疆摄影家协会会员易会林 知名摄影博主 头条文章作者',
 'birthday': '2010-05-01',
 'brief_introduction': '汉族，根在江苏，生在新疆。电视记者，新疆摄影家协会会员。',
 'city': '乌鲁木齐',
 'crawled_at': '2020-01-30 15:54:05',
 'fans_num': 156926,
 'follows_num': 2357,
 'gender': '男',
 'id': '1296520662',
 'labels': '易会林,杂谈,摄影',
 'name': '易会林',
 'province': '新疆',
 'tweets_num': 50893,
 'vip_level': '7级'}
2020-01-30 15:54:05	scrapy.core.engine	INFO	Closing spider (finished)
2020-01-30 15:54:05	scrapy.statscollectors	INFO	Dumping Scrapy stats:
{'downloader/request_bytes': 4008,
 'downloader/request_count': 6,
 'downloader/request_method_count/GET': 6,
 'downloader/response_bytes': 29376,
 'downloader/response_count': 6,
 'downloader/response_status_count/200': 6,
 'elapsed_time_seconds': 47.272644,
 'finish_reason': 'finished',
 'finish_time': datetime.datetime(2020, 1, 30, 6, 54, 5, 416598),
 'item_scraped_count': 5,
 'log_count/DEBUG': 17,
 'log_count/INFO': 10,
 'memusage/max': 108609536,
 'memusage/startup': 108605440,
 'request_depth_max': 2,
 'response_received_count': 6,
 'scheduler/dequeued': 6,
 'scheduler/dequeued/memory': 6,
 'scheduler/enqueued': 6,
 'scheduler/enqueued/memory': 6,
 'start_time': datetime.datetime(2020, 1, 30, 6, 53, 18, 143954)}
2020-01-30 15:54:05	scrapy.core.engine	INFO	Spider closed (finished)
2020-01-30 16:05:03	scrapy.utils.log	INFO	Scrapy 1.8.0 started (bot: WeiboSearch)
2020-01-30 16:05:03	scrapy.utils.log	INFO	Versions: lxml 4.4.2.0, libxml2 2.9.9, cssselect 1.1.0, parsel 1.5.2, w3lib 1.21.0, Twisted 19.10.0, Python 3.7.5 (default, Oct 25 2019, 10:52:18) - [Clang 4.0.1 (tags/RELEASE_401/final)], pyOpenSSL 19.1.0 (OpenSSL 1.1.1d  10 Sep 2019), cryptography 2.8, Platform Darwin-19.3.0-x86_64-i386-64bit
2020-01-30 16:05:03	scrapy.crawler	INFO	Overridden settings: {'BOT_NAME': 'WeiboSearch', 'DOWNLOAD_DELAY': 1, 'LOG_ENABLED': '0', 'NEWSPIDER_MODULE': 'WeiboSearch.spiders', 'RETRY_HTTP_CODES': [401, 403, 408, 414, 500, 502, 503, 504], 'SPIDER_MODULES': ['WeiboSearch.spiders']}
2020-01-30 16:05:03	scrapy.extensions.telnet	INFO	Telnet Password: 6aac9060ce42828e
2020-01-30 16:05:03	scrapy.middleware	INFO	Enabled extensions:
['scrapy.extensions.corestats.CoreStats',
 'scrapy.extensions.telnet.TelnetConsole',
 'scrapy.extensions.memusage.MemoryUsage',
 'scrapy.extensions.logstats.LogStats']
2020-01-30 16:05:04	scrapy.middleware	INFO	Enabled downloader middlewares:
['scrapy.downloadermiddlewares.httpauth.HttpAuthMiddleware',
 'scrapy.downloadermiddlewares.downloadtimeout.DownloadTimeoutMiddleware',
 'scrapy.downloadermiddlewares.defaultheaders.DefaultHeadersMiddleware',
 'scrapy.downloadermiddlewares.useragent.UserAgentMiddleware',
 'scrapy.downloadermiddlewares.retry.RetryMiddleware',
 'WeiboSearch.middlewares.CookiesMiddleware',
 'WeiboSearch.middlewares.ProxyMiddleware',
 'scrapy.downloadermiddlewares.redirect.MetaRefreshMiddleware',
 'scrapy.downloadermiddlewares.httpcompression.HttpCompressionMiddleware',
 'scrapy.downloadermiddlewares.httpproxy.HttpProxyMiddleware',
 'scrapy.downloadermiddlewares.stats.DownloaderStats']
2020-01-30 16:05:04	scrapy.middleware	INFO	Enabled spider middlewares:
['scrapy.spidermiddlewares.httperror.HttpErrorMiddleware',
 'scrapy.spidermiddlewares.offsite.OffsiteMiddleware',
 'scrapy.spidermiddlewares.referer.RefererMiddleware',
 'scrapy.spidermiddlewares.urllength.UrlLengthMiddleware',
 'scrapy.spidermiddlewares.depth.DepthMiddleware']
2020-01-30 16:05:04	scrapy.middleware	INFO	Enabled item pipelines:
['WeiboSearch.pipelines.TimePipeline',
 'WeiboSearch.pipelines.WeiboSpiderPipeline',
 'WeiboSearch.pipelines.MongoPipeline']
2020-01-30 16:05:04	scrapy.core.engine	INFO	Spider opened
2020-01-30 16:05:04	scrapy.extensions.logstats	INFO	Crawled 0 pages (at 0 pages/min), scraped 0 items (at 0 items/min)
2020-01-30 16:05:04	scrapy.extensions.telnet	INFO	Telnet console listening on 127.0.0.1:6023
2020-01-30 16:05:04	urllib3.connectionpool	DEBUG	Starting new HTTP connection (1): 127.0.0.1:5000
2020-01-30 16:05:05	scrapy.core.engine	DEBUG	Crawled (200) <GET https://weibo.cn/search/mblog?hideSearchFrame=&keyword=%E4%B9%8C%E9%B2%81%E6%9C%A8%E9%BD%90%E5%B8%82%E5%85%AC%E5%85%B1%E4%BA%A4%E9%80%9A%E9%9B%86%E5%9B%A2%E6%9C%89%E9%99%90%E5%85%AC%E5%8F%B8%E4%B8%A5%E6%AD%A3%E5%A3%B0%E6%98%8E&advancedfilter=1&starttime=20200128&endtime=20200129&sort=time> (referer: None)
2020-01-30 16:05:05	scrapy.core.engine	INFO	Closing spider (finished)
2020-01-30 16:05:05	scrapy.statscollectors	INFO	Dumping Scrapy stats:
{'downloader/request_bytes': 718,
 'downloader/request_count': 1,
 'downloader/request_method_count/GET': 1,
 'downloader/response_bytes': 3811,
 'downloader/response_count': 1,
 'downloader/response_status_count/200': 1,
 'elapsed_time_seconds': 0.908961,
 'finish_reason': 'finished',
 'finish_time': datetime.datetime(2020, 1, 30, 7, 5, 5, 642199),
 'log_count/DEBUG': 2,
 'log_count/INFO': 10,
 'memusage/max': 108654592,
 'memusage/startup': 108650496,
 'response_received_count': 1,
 'scheduler/dequeued': 1,
 'scheduler/dequeued/memory': 1,
 'scheduler/enqueued': 1,
 'scheduler/enqueued/memory': 1,
 'start_time': datetime.datetime(2020, 1, 30, 7, 5, 4, 733238)}
2020-01-30 16:05:05	scrapy.core.engine	INFO	Spider closed (finished)
2020-01-30 16:06:09	scrapy.utils.log	INFO	Scrapy 1.8.0 started (bot: WeiboSearch)
2020-01-30 16:06:09	scrapy.utils.log	INFO	Versions: lxml 4.4.2.0, libxml2 2.9.9, cssselect 1.1.0, parsel 1.5.2, w3lib 1.21.0, Twisted 19.10.0, Python 3.7.5 (default, Oct 25 2019, 10:52:18) - [Clang 4.0.1 (tags/RELEASE_401/final)], pyOpenSSL 19.1.0 (OpenSSL 1.1.1d  10 Sep 2019), cryptography 2.8, Platform Darwin-19.3.0-x86_64-i386-64bit
2020-01-30 16:06:09	scrapy.crawler	INFO	Overridden settings: {'BOT_NAME': 'WeiboSearch', 'DOWNLOAD_DELAY': 1, 'LOG_ENABLED': '0', 'NEWSPIDER_MODULE': 'WeiboSearch.spiders', 'RETRY_HTTP_CODES': [401, 403, 408, 414, 500, 502, 503, 504], 'SPIDER_MODULES': ['WeiboSearch.spiders']}
2020-01-30 16:06:09	scrapy.extensions.telnet	INFO	Telnet Password: b479bacca170f86b
2020-01-30 16:06:09	scrapy.middleware	INFO	Enabled extensions:
['scrapy.extensions.corestats.CoreStats',
 'scrapy.extensions.telnet.TelnetConsole',
 'scrapy.extensions.memusage.MemoryUsage',
 'scrapy.extensions.logstats.LogStats']
2020-01-30 16:06:10	scrapy.middleware	INFO	Enabled downloader middlewares:
['scrapy.downloadermiddlewares.httpauth.HttpAuthMiddleware',
 'scrapy.downloadermiddlewares.downloadtimeout.DownloadTimeoutMiddleware',
 'scrapy.downloadermiddlewares.defaultheaders.DefaultHeadersMiddleware',
 'scrapy.downloadermiddlewares.useragent.UserAgentMiddleware',
 'scrapy.downloadermiddlewares.retry.RetryMiddleware',
 'WeiboSearch.middlewares.CookiesMiddleware',
 'WeiboSearch.middlewares.ProxyMiddleware',
 'scrapy.downloadermiddlewares.redirect.MetaRefreshMiddleware',
 'scrapy.downloadermiddlewares.httpcompression.HttpCompressionMiddleware',
 'scrapy.downloadermiddlewares.httpproxy.HttpProxyMiddleware',
 'scrapy.downloadermiddlewares.stats.DownloaderStats']
2020-01-30 16:06:10	scrapy.middleware	INFO	Enabled spider middlewares:
['scrapy.spidermiddlewares.httperror.HttpErrorMiddleware',
 'scrapy.spidermiddlewares.offsite.OffsiteMiddleware',
 'scrapy.spidermiddlewares.referer.RefererMiddleware',
 'scrapy.spidermiddlewares.urllength.UrlLengthMiddleware',
 'scrapy.spidermiddlewares.depth.DepthMiddleware']
2020-01-30 16:06:10	scrapy.middleware	INFO	Enabled item pipelines:
['WeiboSearch.pipelines.TimePipeline',
 'WeiboSearch.pipelines.WeiboSpiderPipeline',
 'WeiboSearch.pipelines.MongoPipeline']
2020-01-30 16:06:10	scrapy.core.engine	INFO	Spider opened
2020-01-30 16:06:10	scrapy.extensions.logstats	INFO	Crawled 0 pages (at 0 pages/min), scraped 0 items (at 0 items/min)
2020-01-30 16:06:10	scrapy.extensions.telnet	INFO	Telnet console listening on 127.0.0.1:6023
2020-01-30 16:06:10	urllib3.connectionpool	DEBUG	Starting new HTTP connection (1): 127.0.0.1:5000
2020-01-30 16:06:11	scrapy.core.engine	DEBUG	Crawled (200) <GET https://weibo.cn/search/mblog?hideSearchFrame=&keyword=%E4%B9%8C%E9%B2%81%E6%9C%A8%E9%BD%90%E5%B8%82%E5%85%AC%E5%85%B1%E4%BA%A4%E9%80%9A%E9%9B%86%E5%9B%A2%E6%9C%89%E9%99%90%E5%85%AC%E5%8F%B8%E4%B8%A5%E6%AD%A3%E5%A3%B0%E6%98%8E&advancedfilter=1&starttime=20200128&endtime=20200129&sort=time> (referer: None)
2020-01-30 16:06:23	scrapy.core.scraper	DEBUG	Scraped from <200 https://weibo.cn/search/mblog?hideSearchFrame=&keyword=%E4%B9%8C%E9%B2%81%E6%9C%A8%E9%BD%90%E5%B8%82%E5%85%AC%E5%85%B1%E4%BA%A4%E9%80%9A%E9%9B%86%E5%9B%A2%E6%9C%89%E9%99%90%E5%85%AC%E5%8F%B8%E4%B8%A5%E6%AD%A3%E5%A3%B0%E6%98%8E&advancedfilter=1&starttime=20200128&endtime=20200129&sort=time>
{'crawled_at': '2020-01-30 16:06:23',
 'created_at': '2020-01-29 22:56',
 'favorite_count': 130,
 'id_str': '2526769220_IrMiVaIGN',
 'image_url': 'http://wx4.sinaimg.cn/wap180/969b7044ly1gbdtpurzn6j20bm0lwgol.jpg',
 'reply_count': 57,
 'retweet_count': 11,
 'source': 'iPhone X',
 'text': '【“乌鲁木齐公交集团停运公交线路”系谣言】1月29日中午，一则“消息”迅速在网上传播。乌鲁木齐市公共交通集团有限公司严正声明：公交集团负责运营管理的公交线路，没有接到上级安排停运指令。上述“消息”均为谣言，请广大市民不信谣、不传谣，放心乘车。公交集团表示，按照上级部门的工作部署和要求，将严格落实运营车辆消毒、通风等“防控”措施。按照运营计划做好出车服务。同时，加强公交职工的个人防护防控工作，竭尽全力保障市民出行，提供安全的乘车环境。cr乌鲁木齐公交集团',
 'user': '2526769220',
 'username': '乌鲁木齐爆新鲜',
 'weibo_url': 'https://weibo.com/2526769220/IrMiVaIGN'}
2020-01-30 16:06:26	urllib3.connectionpool	DEBUG	Starting new HTTP connection (1): 127.0.0.1:5000
2020-01-30 16:06:26	urllib3.connectionpool	DEBUG	Starting new HTTP connection (1): 127.0.0.1:5000
2020-01-30 16:06:27	scrapy.core.engine	DEBUG	Crawled (200) <GET https://weibo.cn/1296520662/IrM8nwqmE> (referer: https://weibo.cn/search/mblog?hideSearchFrame=&keyword=%E4%B9%8C%E9%B2%81%E6%9C%A8%E9%BD%90%E5%B8%82%E5%85%AC%E5%85%B1%E4%BA%A4%E9%80%9A%E9%9B%86%E5%9B%A2%E6%9C%89%E9%99%90%E5%85%AC%E5%8F%B8%E4%B8%A5%E6%AD%A3%E5%A3%B0%E6%98%8E&advancedfilter=1&starttime=20200128&endtime=20200129&sort=time)
2020-01-30 16:06:27	scrapy.core.scraper	DEBUG	Scraped from <200 https://weibo.cn/1296520662/IrM8nwqmE>
{'crawled_at': '2020-01-30 16:06:27',
 'created_at': '2020-01-29 22:30',
 'favorite_count': 0,
 'id_str': '1296520662_IrM8nwqmE',
 'image_url': 'http://wx1.sinaimg.cn/wap180/4d4755d6ly1gbdsx3ub4kj20u01t044q.jpg',
 'place': '乌鲁木齐·格林威治城',
 'reply_count': 1,
 'retweet_count': 1,
 'source': 'HUAWEI Mate 20 Pro',
 'text': '乌鲁木齐市公共交通集团有限公司严正声明：公交集团负责运营管理的公交线路，没有接到上级安排停运指令。上述“消息”均为谣言，请广大市民不信谣、不传谣，放心乘车。#万众一心打赢疫情防控阻击战##抗击新型肺炎我们在行动##新型冠状病毒可通过接触传播##新型冠状病毒##抗击新型肺炎第一线##辟谣##微博辟谣##乌鲁木齐##乌鲁木齐身边事##正能量##公交##交通#',
 'user': '1296520662',
 'username': '易会林',
 'weibo_url': 'https://weibo.com/1296520662/IrM8nwqmE'}
2020-01-30 16:06:27	scrapy.core.engine	DEBUG	Crawled (200) <GET https://weibo.cn/2526769220/info> (referer: https://weibo.cn/search/mblog?hideSearchFrame=&keyword=%E4%B9%8C%E9%B2%81%E6%9C%A8%E9%BD%90%E5%B8%82%E5%85%AC%E5%85%B1%E4%BA%A4%E9%80%9A%E9%9B%86%E5%9B%A2%E6%9C%89%E9%99%90%E5%85%AC%E5%8F%B8%E4%B8%A5%E6%AD%A3%E5%A3%B0%E6%98%8E&advancedfilter=1&starttime=20200128&endtime=20200129&sort=time)
2020-01-30 16:06:28	urllib3.connectionpool	DEBUG	Starting new HTTP connection (1): 127.0.0.1:5000
2020-01-30 16:06:29	scrapy.core.engine	DEBUG	Crawled (200) <GET https://weibo.cn/u/2526769220> (referer: https://weibo.cn/2526769220/info)
2020-01-30 16:06:29	scrapy.core.scraper	DEBUG	Scraped from <200 https://weibo.cn/u/2526769220>
{'authentication': '微博乌鲁木齐同城大使 微博故事原创作者 微博原创视频博主',
 'brief_introduction': '乌鲁木齐同城大使',
 'city': '乌鲁木齐',
 'crawled_at': '2020-01-30 16:06:29',
 'fans_num': 697680,
 'follows_num': 714,
 'gender': '男',
 'id': '2526769220',
 'labels': '电影,唱歌,90后',
 'name': '乌鲁木齐爆新鲜',
 'province': '新疆',
 'tweets_num': 16242,
 'vip_level': '6级'}
2020-01-30 16:06:29	scrapy.core.engine	INFO	Closing spider (finished)
2020-01-30 16:06:29	scrapy.statscollectors	INFO	Dumping Scrapy stats:
{'downloader/request_bytes': 2746,
 'downloader/request_count': 4,
 'downloader/request_method_count/GET': 4,
 'downloader/response_bytes': 18317,
 'downloader/response_count': 4,
 'downloader/response_status_count/200': 4,
 'elapsed_time_seconds': 19.365233,
 'finish_reason': 'finished',
 'finish_time': datetime.datetime(2020, 1, 30, 7, 6, 29, 708242),
 'item_scraped_count': 3,
 'log_count/DEBUG': 11,
 'log_count/INFO': 10,
 'memusage/max': 108646400,
 'memusage/startup': 108646400,
 'request_depth_max': 2,
 'response_received_count': 4,
 'scheduler/dequeued': 4,
 'scheduler/dequeued/memory': 4,
 'scheduler/enqueued': 4,
 'scheduler/enqueued/memory': 4,
 'start_time': datetime.datetime(2020, 1, 30, 7, 6, 10, 343009)}
2020-01-30 16:06:29	scrapy.core.engine	INFO	Spider closed (finished)
2020-01-30 16:10:05	scrapy.utils.log	INFO	Scrapy 1.8.0 started (bot: WeiboSearch)
2020-01-30 16:10:05	scrapy.utils.log	INFO	Versions: lxml 4.4.2.0, libxml2 2.9.9, cssselect 1.1.0, parsel 1.5.2, w3lib 1.21.0, Twisted 19.10.0, Python 3.7.5 (default, Oct 25 2019, 10:52:18) - [Clang 4.0.1 (tags/RELEASE_401/final)], pyOpenSSL 19.1.0 (OpenSSL 1.1.1d  10 Sep 2019), cryptography 2.8, Platform Darwin-19.3.0-x86_64-i386-64bit
2020-01-30 16:10:05	scrapy.crawler	INFO	Overridden settings: {'BOT_NAME': 'WeiboSearch', 'DOWNLOAD_DELAY': 1, 'LOG_ENABLED': '0', 'NEWSPIDER_MODULE': 'WeiboSearch.spiders', 'RETRY_HTTP_CODES': [401, 403, 408, 414, 500, 502, 503, 504], 'SPIDER_MODULES': ['WeiboSearch.spiders']}
2020-01-30 16:10:05	scrapy.extensions.telnet	INFO	Telnet Password: 5b120a58ffa51e79
2020-01-30 16:10:05	scrapy.middleware	INFO	Enabled extensions:
['scrapy.extensions.corestats.CoreStats',
 'scrapy.extensions.telnet.TelnetConsole',
 'scrapy.extensions.memusage.MemoryUsage',
 'scrapy.extensions.logstats.LogStats']
2020-01-30 16:10:06	scrapy.middleware	INFO	Enabled downloader middlewares:
['scrapy.downloadermiddlewares.httpauth.HttpAuthMiddleware',
 'scrapy.downloadermiddlewares.downloadtimeout.DownloadTimeoutMiddleware',
 'scrapy.downloadermiddlewares.defaultheaders.DefaultHeadersMiddleware',
 'scrapy.downloadermiddlewares.useragent.UserAgentMiddleware',
 'scrapy.downloadermiddlewares.retry.RetryMiddleware',
 'WeiboSearch.middlewares.CookiesMiddleware',
 'WeiboSearch.middlewares.ProxyMiddleware',
 'scrapy.downloadermiddlewares.redirect.MetaRefreshMiddleware',
 'scrapy.downloadermiddlewares.httpcompression.HttpCompressionMiddleware',
 'scrapy.downloadermiddlewares.httpproxy.HttpProxyMiddleware',
 'scrapy.downloadermiddlewares.stats.DownloaderStats']
2020-01-30 16:10:06	scrapy.middleware	INFO	Enabled spider middlewares:
['scrapy.spidermiddlewares.httperror.HttpErrorMiddleware',
 'scrapy.spidermiddlewares.offsite.OffsiteMiddleware',
 'scrapy.spidermiddlewares.referer.RefererMiddleware',
 'scrapy.spidermiddlewares.urllength.UrlLengthMiddleware',
 'scrapy.spidermiddlewares.depth.DepthMiddleware']
2020-01-30 16:10:06	scrapy.middleware	INFO	Enabled item pipelines:
['WeiboSearch.pipelines.TimePipeline',
 'WeiboSearch.pipelines.WeiboSpiderPipeline',
 'WeiboSearch.pipelines.MongoPipeline']
2020-01-30 16:10:06	scrapy.core.engine	INFO	Spider opened
2020-01-30 16:10:06	scrapy.extensions.logstats	INFO	Crawled 0 pages (at 0 pages/min), scraped 0 items (at 0 items/min)
2020-01-30 16:10:06	scrapy.extensions.telnet	INFO	Telnet console listening on 127.0.0.1:6023
2020-01-30 16:10:06	urllib3.connectionpool	DEBUG	Starting new HTTP connection (1): 127.0.0.1:5000
2020-01-30 16:10:07	scrapy.core.engine	DEBUG	Crawled (200) <GET https://weibo.cn/search/mblog?hideSearchFrame=&keyword=%E4%B9%8C%E9%B2%81%E6%9C%A8%E9%BD%90%E5%B8%82%E5%85%AC%E5%85%B1%E4%BA%A4%E9%80%9A%E9%9B%86%E5%9B%A2%E6%9C%89%E9%99%90%E5%85%AC%E5%8F%B8%E4%B8%A5%E6%AD%A3%E5%A3%B0%E6%98%8E&advancedfilter=1&starttime=20200128&endtime=20200129&sort=time> (referer: None)
2020-01-30 16:10:10	scrapy.core.scraper	DEBUG	Scraped from <200 https://weibo.cn/search/mblog?hideSearchFrame=&keyword=%E4%B9%8C%E9%B2%81%E6%9C%A8%E9%BD%90%E5%B8%82%E5%85%AC%E5%85%B1%E4%BA%A4%E9%80%9A%E9%9B%86%E5%9B%A2%E6%9C%89%E9%99%90%E5%85%AC%E5%8F%B8%E4%B8%A5%E6%AD%A3%E5%A3%B0%E6%98%8E&advancedfilter=1&starttime=20200128&endtime=20200129&sort=time>
{'crawled_at': '2020-01-30 16:10:10',
 'created_at': '2020-01-29 22:56',
 'favorite_count': 130,
 'id_str': '2526769220_IrMiVaIGN',
 'image_url': 'http://wx4.sinaimg.cn/wap180/969b7044ly1gbdtpurzn6j20bm0lwgol.jpg',
 'reply_count': 57,
 'retweet_count': 11,
 'source': 'iPhone X',
 'text': '【“乌鲁木齐公交集团停运公交线路”系谣言】1月29日中午，一则“消息”迅速在网上传播。乌鲁木齐市公共交通集团有限公司严正声明：公交集团负责运营管理的公交线路，没有接到上级安排停运指令。上述“消息”均为谣言，请广大市民不信谣、不传谣，放心乘车。公交集团表示，按照上级部门的工作部署和要求，将严格落实运营车辆消毒、通风等“防控”措施。按照运营计划做好出车服务。同时，加强公交职工的个人防护防控工作，竭尽全力保障市民出行，提供安全的乘车环境。cr乌鲁木齐公交集团',
 'user': '2526769220',
 'username': '乌鲁木齐爆新鲜',
 'weibo_url': 'https://weibo.com/2526769220/IrMiVaIGN'}
2020-01-30 16:10:12	urllib3.connectionpool	DEBUG	Starting new HTTP connection (1): 127.0.0.1:5000
2020-01-30 16:10:12	urllib3.connectionpool	DEBUG	Starting new HTTP connection (1): 127.0.0.1:5000
2020-01-30 16:10:12	scrapy.core.scraper	DEBUG	Scraped from <200 https://weibo.cn/search/mblog?hideSearchFrame=&keyword=%E4%B9%8C%E9%B2%81%E6%9C%A8%E9%BD%90%E5%B8%82%E5%85%AC%E5%85%B1%E4%BA%A4%E9%80%9A%E9%9B%86%E5%9B%A2%E6%9C%89%E9%99%90%E5%85%AC%E5%8F%B8%E4%B8%A5%E6%AD%A3%E5%A3%B0%E6%98%8E&advancedfilter=1&starttime=20200128&endtime=20200129&sort=time>
{'crawled_at': '2020-01-30 16:10:12',
 'created_at': '2020-01-29 22:30',
 'favorite_count': 0,
 'id_str': '1296520662_IrM8nwqmE',
 'image_url': 'http://wx1.sinaimg.cn/wap180/4d4755d6ly1gbdsx3ub4kj20u01t044q.jpg',
 'place': True,
 'reply_count': 1,
 'retweet_count': 1,
 'source': 'HUAWEI Mate 20 Pro',
 'text': '乌鲁木齐市公共交通集团有限公司严正声明：公交集团负责运营管理的公交线路，没有接到上级安排停运指令。上述“消息”均为谣言，请广大市民不信谣、不传谣，放心乘车。#万众一心打赢疫情防控阻击战##抗击新型肺炎我们在行动##新型冠状病毒可通过接触传播##新型冠状病毒##抗击新型肺炎第一线##辟谣##微博辟谣##乌鲁木齐##乌鲁木齐身边事##正能量##公交##交通#',
 'user': '1296520662',
 'username': '易会林',
 'weibo_url': 'https://weibo.com/1296520662/IrM8nwqmE'}
2020-01-30 16:10:12	urllib3.connectionpool	DEBUG	Starting new HTTP connection (1): 127.0.0.1:5000
2020-01-30 16:10:12	scrapy.core.engine	DEBUG	Crawled (200) <GET https://weibo.cn/1296520662/IrM8nwqmE> (referer: https://weibo.cn/search/mblog?hideSearchFrame=&keyword=%E4%B9%8C%E9%B2%81%E6%9C%A8%E9%BD%90%E5%B8%82%E5%85%AC%E5%85%B1%E4%BA%A4%E9%80%9A%E9%9B%86%E5%9B%A2%E6%9C%89%E9%99%90%E5%85%AC%E5%8F%B8%E4%B8%A5%E6%AD%A3%E5%A3%B0%E6%98%8E&advancedfilter=1&starttime=20200128&endtime=20200129&sort=time)
2020-01-30 16:10:12	scrapy.core.scraper	DEBUG	Scraped from <200 https://weibo.cn/1296520662/IrM8nwqmE>
{'crawled_at': '2020-01-30 16:10:12',
 'created_at': '2020-01-29 22:30',
 'favorite_count': 0,
 'id_str': '1296520662_IrM8nwqmE',
 'image_url': 'http://wx1.sinaimg.cn/wap180/4d4755d6ly1gbdsx3ub4kj20u01t044q.jpg',
 'place': '乌鲁木齐·格林威治城',
 'reply_count': 1,
 'retweet_count': 1,
 'source': 'HUAWEI Mate 20 Pro',
 'text': '乌鲁木齐市公共交通集团有限公司严正声明：公交集团负责运营管理的公交线路，没有接到上级安排停运指令。上述“消息”均为谣言，请广大市民不信谣、不传谣，放心乘车。#万众一心打赢疫情防控阻击战##抗击新型肺炎我们在行动##新型冠状病毒可通过接触传播##新型冠状病毒##抗击新型肺炎第一线##辟谣##微博辟谣##乌鲁木齐##乌鲁木齐身边事##正能量##公交##交通#',
 'user': '1296520662',
 'username': '易会林',
 'weibo_url': 'https://weibo.com/1296520662/IrM8nwqmE'}
2020-01-30 16:10:13	scrapy.core.engine	DEBUG	Crawled (200) <GET https://weibo.cn/2526769220/info> (referer: https://weibo.cn/search/mblog?hideSearchFrame=&keyword=%E4%B9%8C%E9%B2%81%E6%9C%A8%E9%BD%90%E5%B8%82%E5%85%AC%E5%85%B1%E4%BA%A4%E9%80%9A%E9%9B%86%E5%9B%A2%E6%9C%89%E9%99%90%E5%85%AC%E5%8F%B8%E4%B8%A5%E6%AD%A3%E5%A3%B0%E6%98%8E&advancedfilter=1&starttime=20200128&endtime=20200129&sort=time)
2020-01-30 16:10:13	urllib3.connectionpool	DEBUG	Starting new HTTP connection (1): 127.0.0.1:5000
2020-01-30 16:10:14	scrapy.core.engine	DEBUG	Crawled (200) <GET https://weibo.cn/1296520662/info> (referer: https://weibo.cn/search/mblog?hideSearchFrame=&keyword=%E4%B9%8C%E9%B2%81%E6%9C%A8%E9%BD%90%E5%B8%82%E5%85%AC%E5%85%B1%E4%BA%A4%E9%80%9A%E9%9B%86%E5%9B%A2%E6%9C%89%E9%99%90%E5%85%AC%E5%8F%B8%E4%B8%A5%E6%AD%A3%E5%A3%B0%E6%98%8E&advancedfilter=1&starttime=20200128&endtime=20200129&sort=time)
2020-01-30 16:10:14	urllib3.connectionpool	DEBUG	Starting new HTTP connection (1): 127.0.0.1:5000
2020-01-30 16:10:16	scrapy.core.engine	DEBUG	Crawled (200) <GET https://weibo.cn/u/2526769220> (referer: https://weibo.cn/2526769220/info)
2020-01-30 16:10:16	scrapy.core.scraper	DEBUG	Scraped from <200 https://weibo.cn/u/2526769220>
{'authentication': '微博乌鲁木齐同城大使 微博故事原创作者 微博原创视频博主',
 'brief_introduction': '乌鲁木齐同城大使',
 'city': '乌鲁木齐',
 'crawled_at': '2020-01-30 16:10:16',
 'fans_num': 697682,
 'follows_num': 714,
 'gender': '男',
 'id': '2526769220',
 'labels': '电影,唱歌,90后',
 'name': '乌鲁木齐爆新鲜',
 'province': '新疆',
 'tweets_num': 16242,
 'vip_level': '6级'}
2020-01-30 16:10:17	scrapy.core.engine	DEBUG	Crawled (200) <GET https://weibo.cn/u/1296520662> (referer: https://weibo.cn/1296520662/info)
2020-01-30 16:10:17	scrapy.core.scraper	DEBUG	Scraped from <200 https://weibo.cn/u/1296520662>
{'authentication': '记者、新疆摄影家协会会员易会林 知名摄影博主 头条文章作者',
 'birthday': '2010-05-01',
 'brief_introduction': '汉族，根在江苏，生在新疆。电视记者，新疆摄影家协会会员。',
 'city': '乌鲁木齐',
 'crawled_at': '2020-01-30 16:10:17',
 'fans_num': 156926,
 'follows_num': 2359,
 'gender': '男',
 'id': '1296520662',
 'labels': '易会林,杂谈,摄影',
 'name': '易会林',
 'province': '新疆',
 'tweets_num': 50894,
 'vip_level': '7级'}
2020-01-30 16:10:17	scrapy.core.engine	INFO	Closing spider (finished)
2020-01-30 16:10:17	scrapy.statscollectors	INFO	Dumping Scrapy stats:
{'downloader/request_bytes': 4008,
 'downloader/request_count': 6,
 'downloader/request_method_count/GET': 6,
 'downloader/response_bytes': 28979,
 'downloader/response_count': 6,
 'downloader/response_status_count/200': 6,
 'elapsed_time_seconds': 11.292897,
 'finish_reason': 'finished',
 'finish_time': datetime.datetime(2020, 1, 30, 7, 10, 17, 853474),
 'item_scraped_count': 5,
 'log_count/DEBUG': 17,
 'log_count/INFO': 10,
 'memusage/max': 108605440,
 'memusage/startup': 108605440,
 'request_depth_max': 2,
 'response_received_count': 6,
 'scheduler/dequeued': 6,
 'scheduler/dequeued/memory': 6,
 'scheduler/enqueued': 6,
 'scheduler/enqueued/memory': 6,
 'start_time': datetime.datetime(2020, 1, 30, 7, 10, 6, 560577)}
2020-01-30 16:10:17	scrapy.core.engine	INFO	Spider closed (finished)
2020-01-30 16:12:39	scrapy.utils.log	INFO	Scrapy 1.8.0 started (bot: WeiboSearch)
2020-01-30 16:12:39	scrapy.utils.log	INFO	Versions: lxml 4.4.2.0, libxml2 2.9.9, cssselect 1.1.0, parsel 1.5.2, w3lib 1.21.0, Twisted 19.10.0, Python 3.7.5 (default, Oct 25 2019, 10:52:18) - [Clang 4.0.1 (tags/RELEASE_401/final)], pyOpenSSL 19.1.0 (OpenSSL 1.1.1d  10 Sep 2019), cryptography 2.8, Platform Darwin-19.3.0-x86_64-i386-64bit
2020-01-30 16:12:39	scrapy.crawler	INFO	Overridden settings: {'BOT_NAME': 'WeiboSearch', 'DOWNLOAD_DELAY': 1, 'LOG_ENABLED': '0', 'NEWSPIDER_MODULE': 'WeiboSearch.spiders', 'RETRY_HTTP_CODES': [401, 403, 408, 414, 500, 502, 503, 504], 'SPIDER_MODULES': ['WeiboSearch.spiders']}
2020-01-30 16:12:39	scrapy.extensions.telnet	INFO	Telnet Password: a4446ebbc9c6704d
2020-01-30 16:12:39	scrapy.middleware	INFO	Enabled extensions:
['scrapy.extensions.corestats.CoreStats',
 'scrapy.extensions.telnet.TelnetConsole',
 'scrapy.extensions.memusage.MemoryUsage',
 'scrapy.extensions.logstats.LogStats']
2020-01-30 16:12:40	scrapy.middleware	INFO	Enabled downloader middlewares:
['scrapy.downloadermiddlewares.httpauth.HttpAuthMiddleware',
 'scrapy.downloadermiddlewares.downloadtimeout.DownloadTimeoutMiddleware',
 'scrapy.downloadermiddlewares.defaultheaders.DefaultHeadersMiddleware',
 'scrapy.downloadermiddlewares.useragent.UserAgentMiddleware',
 'scrapy.downloadermiddlewares.retry.RetryMiddleware',
 'WeiboSearch.middlewares.CookiesMiddleware',
 'WeiboSearch.middlewares.ProxyMiddleware',
 'scrapy.downloadermiddlewares.redirect.MetaRefreshMiddleware',
 'scrapy.downloadermiddlewares.httpcompression.HttpCompressionMiddleware',
 'scrapy.downloadermiddlewares.httpproxy.HttpProxyMiddleware',
 'scrapy.downloadermiddlewares.stats.DownloaderStats']
2020-01-30 16:12:40	scrapy.middleware	INFO	Enabled spider middlewares:
['scrapy.spidermiddlewares.httperror.HttpErrorMiddleware',
 'scrapy.spidermiddlewares.offsite.OffsiteMiddleware',
 'scrapy.spidermiddlewares.referer.RefererMiddleware',
 'scrapy.spidermiddlewares.urllength.UrlLengthMiddleware',
 'scrapy.spidermiddlewares.depth.DepthMiddleware']
2020-01-30 16:12:40	scrapy.middleware	INFO	Enabled item pipelines:
['WeiboSearch.pipelines.TimePipeline',
 'WeiboSearch.pipelines.WeiboSpiderPipeline',
 'WeiboSearch.pipelines.MongoPipeline']
2020-01-30 16:12:40	scrapy.core.engine	INFO	Spider opened
2020-01-30 16:12:40	scrapy.extensions.logstats	INFO	Crawled 0 pages (at 0 pages/min), scraped 0 items (at 0 items/min)
2020-01-30 16:12:40	scrapy.extensions.telnet	INFO	Telnet console listening on 127.0.0.1:6023
2020-01-30 16:12:41	urllib3.connectionpool	DEBUG	Starting new HTTP connection (1): 127.0.0.1:5000
2020-01-30 16:12:41	scrapy.core.engine	DEBUG	Crawled (200) <GET https://weibo.cn/search/mblog?hideSearchFrame=&keyword=%E4%B9%8C%E9%B2%81%E6%9C%A8%E9%BD%90%E5%B8%82%E5%85%AC%E5%85%B1%E4%BA%A4%E9%80%9A%E9%9B%86%E5%9B%A2%E6%9C%89%E9%99%90%E5%85%AC%E5%8F%B8%E4%B8%A5%E6%AD%A3%E5%A3%B0%E6%98%8E&advancedfilter=1&starttime=20200128&endtime=20200129&sort=time> (referer: None)
2020-01-30 16:12:44	scrapy.core.scraper	DEBUG	Scraped from <200 https://weibo.cn/search/mblog?hideSearchFrame=&keyword=%E4%B9%8C%E9%B2%81%E6%9C%A8%E9%BD%90%E5%B8%82%E5%85%AC%E5%85%B1%E4%BA%A4%E9%80%9A%E9%9B%86%E5%9B%A2%E6%9C%89%E9%99%90%E5%85%AC%E5%8F%B8%E4%B8%A5%E6%AD%A3%E5%A3%B0%E6%98%8E&advancedfilter=1&starttime=20200128&endtime=20200129&sort=time>
{'crawled_at': '2020-01-30 16:12:44',
 'created_at': '2020-01-29 22:56',
 'favorite_count': 130,
 'id_str': '2526769220_IrMiVaIGN',
 'image_url': 'http://wx4.sinaimg.cn/wap180/969b7044ly1gbdtpurzn6j20bm0lwgol.jpg',
 'reply_count': 57,
 'retweet_count': 11,
 'source': 'iPhone X',
 'text': '【“乌鲁木齐公交集团停运公交线路”系谣言】1月29日中午，一则“消息”迅速在网上传播。乌鲁木齐市公共交通集团有限公司严正声明：公交集团负责运营管理的公交线路，没有接到上级安排停运指令。上述“消息”均为谣言，请广大市民不信谣、不传谣，放心乘车。公交集团表示，按照上级部门的工作部署和要求，将严格落实运营车辆消毒、通风等“防控”措施。按照运营计划做好出车服务。同时，加强公交职工的个人防护防控工作，竭尽全力保障市民出行，提供安全的乘车环境。cr乌鲁木齐公交集团',
 'user': '2526769220',
 'username': '乌鲁木齐爆新鲜',
 'weibo_url': 'https://weibo.com/2526769220/IrMiVaIGN'}
2020-01-30 16:12:45	urllib3.connectionpool	DEBUG	Starting new HTTP connection (1): 127.0.0.1:5000
2020-01-30 16:12:45	urllib3.connectionpool	DEBUG	Starting new HTTP connection (1): 127.0.0.1:5000
2020-01-30 16:12:45	scrapy.core.scraper	DEBUG	Scraped from <200 https://weibo.cn/search/mblog?hideSearchFrame=&keyword=%E4%B9%8C%E9%B2%81%E6%9C%A8%E9%BD%90%E5%B8%82%E5%85%AC%E5%85%B1%E4%BA%A4%E9%80%9A%E9%9B%86%E5%9B%A2%E6%9C%89%E9%99%90%E5%85%AC%E5%8F%B8%E4%B8%A5%E6%AD%A3%E5%A3%B0%E6%98%8E&advancedfilter=1&starttime=20200128&endtime=20200129&sort=time>
{'crawled_at': '2020-01-30 16:12:45',
 'created_at': '2020-01-29 22:30',
 'favorite_count': 0,
 'id_str': '1296520662_IrM8nwqmE',
 'image_url': 'http://wx1.sinaimg.cn/wap180/4d4755d6ly1gbdsx3ub4kj20u01t044q.jpg',
 'place': True,
 'reply_count': 1,
 'retweet_count': 1,
 'source': 'HUAWEI Mate 20 Pro',
 'text': '乌鲁木齐市公共交通集团有限公司严正声明：公交集团负责运营管理的公交线路，没有接到上级安排停运指令。上述“消息”均为谣言，请广大市民不信谣、不传谣，放心乘车。#万众一心打赢疫情防控阻击战##抗击新型肺炎我们在行动##新型冠状病毒可通过接触传播##新型冠状病毒##抗击新型肺炎第一线##辟谣##微博辟谣##乌鲁木齐##乌鲁木齐身边事##正能量##公交##交通#',
 'user': '1296520662',
 'username': '易会林',
 'weibo_url': 'https://weibo.com/1296520662/IrM8nwqmE'}
2020-01-30 16:12:45	urllib3.connectionpool	DEBUG	Starting new HTTP connection (1): 127.0.0.1:5000
2020-01-30 16:12:46	scrapy.core.engine	DEBUG	Crawled (200) <GET https://weibo.cn/1296520662/IrM8nwqmE> (referer: https://weibo.cn/search/mblog?hideSearchFrame=&keyword=%E4%B9%8C%E9%B2%81%E6%9C%A8%E9%BD%90%E5%B8%82%E5%85%AC%E5%85%B1%E4%BA%A4%E9%80%9A%E9%9B%86%E5%9B%A2%E6%9C%89%E9%99%90%E5%85%AC%E5%8F%B8%E4%B8%A5%E6%AD%A3%E5%A3%B0%E6%98%8E&advancedfilter=1&starttime=20200128&endtime=20200129&sort=time)
2020-01-30 16:13:07	scrapy.core.scraper	ERROR	Error processing {'crawled_at': '2020-01-30 16:12:46',
 'created_at': '2020-01-29 22:30',
 'favorite_count': 0,
 'id_str': '1296520662_IrM8nwqmE',
 'image_url': 'http://wx1.sinaimg.cn/wap180/4d4755d6ly1gbdsx3ub4kj20u01t044q.jpg',
 'place': '乌鲁木齐·格林威治城',
 'reply_count': 1,
 'retweet_count': 1,
 'source': 'HUAWEI Mate 20 Pro',
 'text': '乌鲁木齐市公共交通集团有限公司严正声明：公交集团负责运营管理的公交线路，没有接到上级安排停运指令。上述“消息”均为谣言，请广大市民不信谣、不传谣，放心乘车。#万众一心打赢疫情防控阻击战##抗击新型肺炎我们在行动##新型冠状病毒可通过接触传播##新型冠状病毒##抗击新型肺炎第一线##辟谣##微博辟谣##乌鲁木齐##乌鲁木齐身边事##正能量##公交##交通#',
 'user': '1296520662',
 'username': '易会林',
 'weibo_url': 'https://weibo.com/1296520662/IrM8nwqmE'}
Traceback (most recent call last):
  File "/Users/gao/PycharmProjects/WeiboCrawler/WeiboSearch/pipelines.py", line 83, in insert_item
    collection.insert(dict(item))
  File "/Users/gao/opt/anaconda3/lib/python3.7/site-packages/pymongo/collection.py", line 3182, in insert
    check_keys, manipulate, write_concern)
  File "/Users/gao/opt/anaconda3/lib/python3.7/site-packages/pymongo/collection.py", line 612, in _insert
    bypass_doc_val, session)
  File "/Users/gao/opt/anaconda3/lib/python3.7/site-packages/pymongo/collection.py", line 600, in _insert_one
    acknowledged, _insert_command, session)
  File "/Users/gao/opt/anaconda3/lib/python3.7/site-packages/pymongo/mongo_client.py", line 1492, in _retryable_write
    return self._retry_with_session(retryable, func, s, None)
  File "/Users/gao/opt/anaconda3/lib/python3.7/site-packages/pymongo/mongo_client.py", line 1385, in _retry_with_session
    return func(session, sock_info, retryable)
  File "/Users/gao/opt/anaconda3/lib/python3.7/site-packages/pymongo/collection.py", line 597, in _insert_command
    _check_write_command_response(result)
  File "/Users/gao/opt/anaconda3/lib/python3.7/site-packages/pymongo/helpers.py", line 221, in _check_write_command_response
    _raise_last_write_error(write_errors)
  File "/Users/gao/opt/anaconda3/lib/python3.7/site-packages/pymongo/helpers.py", line 202, in _raise_last_write_error
    raise DuplicateKeyError(error.get("errmsg"), 11000, error)
pymongo.errors.DuplicateKeyError: E11000 duplicate key error collection: wuhan_pneumonia.weibo_zh index: id_str_1 dup key: { id_str: "1296520662_IrM8nwqmE" }

During handling of the above exception, another exception occurred:

Traceback (most recent call last):
  File "/Users/gao/.local/lib/python3.7/site-packages/twisted/internet/defer.py", line 654, in _runCallbacks
    current.result = callback(current.result, *args, **kw)
  File "/Users/gao/PycharmProjects/WeiboCrawler/WeiboSearch/pipelines.py", line 74, in process_item
    self.insert_item(self.Tweets, item)
  File "/Users/gao/PycharmProjects/WeiboCrawler/WeiboSearch/pipelines.py", line 88, in insert_item
    collection.update_one({'id_str': item.id}, {'$set': {'place': item.place, 'text': item.text}}, upsert=True)
  File "/Users/gao/opt/anaconda3/lib/python3.7/site-packages/scrapy/item.py", line 106, in __getattr__
    raise AttributeError(name)
AttributeError: id
2020-01-30 16:13:08	scrapy.core.engine	DEBUG	Crawled (200) <GET https://weibo.cn/2526769220/info> (referer: https://weibo.cn/search/mblog?hideSearchFrame=&keyword=%E4%B9%8C%E9%B2%81%E6%9C%A8%E9%BD%90%E5%B8%82%E5%85%AC%E5%85%B1%E4%BA%A4%E9%80%9A%E9%9B%86%E5%9B%A2%E6%9C%89%E9%99%90%E5%85%AC%E5%8F%B8%E4%B8%A5%E6%AD%A3%E5%A3%B0%E6%98%8E&advancedfilter=1&starttime=20200128&endtime=20200129&sort=time)
2020-01-30 16:13:08	urllib3.connectionpool	DEBUG	Starting new HTTP connection (1): 127.0.0.1:5000
2020-01-30 16:13:09	scrapy.core.engine	DEBUG	Crawled (200) <GET https://weibo.cn/1296520662/info> (referer: https://weibo.cn/search/mblog?hideSearchFrame=&keyword=%E4%B9%8C%E9%B2%81%E6%9C%A8%E9%BD%90%E5%B8%82%E5%85%AC%E5%85%B1%E4%BA%A4%E9%80%9A%E9%9B%86%E5%9B%A2%E6%9C%89%E9%99%90%E5%85%AC%E5%8F%B8%E4%B8%A5%E6%AD%A3%E5%A3%B0%E6%98%8E&advancedfilter=1&starttime=20200128&endtime=20200129&sort=time)
2020-01-30 16:13:09	urllib3.connectionpool	DEBUG	Starting new HTTP connection (1): 127.0.0.1:5000
2020-01-30 16:13:11	scrapy.core.engine	DEBUG	Crawled (200) <GET https://weibo.cn/u/2526769220> (referer: https://weibo.cn/2526769220/info)
2020-01-30 16:13:11	scrapy.core.scraper	DEBUG	Scraped from <200 https://weibo.cn/u/2526769220>
{'authentication': '微博乌鲁木齐同城大使 微博故事原创作者 微博原创视频博主',
 'brief_introduction': '乌鲁木齐同城大使',
 'city': '乌鲁木齐',
 'crawled_at': '2020-01-30 16:13:11',
 'fans_num': 697682,
 'follows_num': 714,
 'gender': '男',
 'id': '2526769220',
 'labels': '电影,唱歌,90后',
 'name': '乌鲁木齐爆新鲜',
 'province': '新疆',
 'tweets_num': 16242,
 'vip_level': '6级'}
2020-01-30 16:13:11	scrapy.core.engine	DEBUG	Crawled (200) <GET https://weibo.cn/u/1296520662> (referer: https://weibo.cn/1296520662/info)
2020-01-30 16:13:12	scrapy.core.scraper	DEBUG	Scraped from <200 https://weibo.cn/u/1296520662>
{'authentication': '记者、新疆摄影家协会会员易会林 知名摄影博主 头条文章作者',
 'birthday': '2010-05-01',
 'brief_introduction': '汉族，根在江苏，生在新疆。电视记者，新疆摄影家协会会员。',
 'city': '乌鲁木齐',
 'crawled_at': '2020-01-30 16:13:12',
 'fans_num': 156926,
 'follows_num': 2359,
 'gender': '男',
 'id': '1296520662',
 'labels': '易会林,杂谈,摄影',
 'name': '易会林',
 'province': '新疆',
 'tweets_num': 50894,
 'vip_level': '7级'}
2020-01-30 16:13:12	scrapy.core.engine	INFO	Closing spider (finished)
2020-01-30 16:13:12	scrapy.statscollectors	INFO	Dumping Scrapy stats:
{'downloader/request_bytes': 4008,
 'downloader/request_count': 6,
 'downloader/request_method_count/GET': 6,
 'downloader/response_bytes': 28992,
 'downloader/response_count': 6,
 'downloader/response_status_count/200': 6,
 'elapsed_time_seconds': 31.179009,
 'finish_reason': 'finished',
 'finish_time': datetime.datetime(2020, 1, 30, 7, 13, 12, 33310),
 'item_scraped_count': 4,
 'log_count/DEBUG': 16,
 'log_count/ERROR': 1,
 'log_count/INFO': 10,
 'memusage/max': 108642304,
 'memusage/startup': 108638208,
 'request_depth_max': 2,
 'response_received_count': 6,
 'scheduler/dequeued': 6,
 'scheduler/dequeued/memory': 6,
 'scheduler/enqueued': 6,
 'scheduler/enqueued/memory': 6,
 'start_time': datetime.datetime(2020, 1, 30, 7, 12, 40, 854301)}
2020-01-30 16:13:12	scrapy.core.engine	INFO	Spider closed (finished)
2020-01-30 16:14:20	scrapy.utils.log	INFO	Scrapy 1.8.0 started (bot: WeiboSearch)
2020-01-30 16:14:20	scrapy.utils.log	INFO	Versions: lxml 4.4.2.0, libxml2 2.9.9, cssselect 1.1.0, parsel 1.5.2, w3lib 1.21.0, Twisted 19.10.0, Python 3.7.5 (default, Oct 25 2019, 10:52:18) - [Clang 4.0.1 (tags/RELEASE_401/final)], pyOpenSSL 19.1.0 (OpenSSL 1.1.1d  10 Sep 2019), cryptography 2.8, Platform Darwin-19.3.0-x86_64-i386-64bit
2020-01-30 16:14:20	scrapy.crawler	INFO	Overridden settings: {'BOT_NAME': 'WeiboSearch', 'DOWNLOAD_DELAY': 1, 'LOG_ENABLED': '0', 'NEWSPIDER_MODULE': 'WeiboSearch.spiders', 'RETRY_HTTP_CODES': [401, 403, 408, 414, 500, 502, 503, 504], 'SPIDER_MODULES': ['WeiboSearch.spiders']}
2020-01-30 16:14:20	scrapy.extensions.telnet	INFO	Telnet Password: f4175247d94b5f5a
2020-01-30 16:14:20	scrapy.middleware	INFO	Enabled extensions:
['scrapy.extensions.corestats.CoreStats',
 'scrapy.extensions.telnet.TelnetConsole',
 'scrapy.extensions.memusage.MemoryUsage',
 'scrapy.extensions.logstats.LogStats']
2020-01-30 16:14:20	scrapy.middleware	INFO	Enabled downloader middlewares:
['scrapy.downloadermiddlewares.httpauth.HttpAuthMiddleware',
 'scrapy.downloadermiddlewares.downloadtimeout.DownloadTimeoutMiddleware',
 'scrapy.downloadermiddlewares.defaultheaders.DefaultHeadersMiddleware',
 'scrapy.downloadermiddlewares.useragent.UserAgentMiddleware',
 'scrapy.downloadermiddlewares.retry.RetryMiddleware',
 'WeiboSearch.middlewares.CookiesMiddleware',
 'WeiboSearch.middlewares.ProxyMiddleware',
 'scrapy.downloadermiddlewares.redirect.MetaRefreshMiddleware',
 'scrapy.downloadermiddlewares.httpcompression.HttpCompressionMiddleware',
 'scrapy.downloadermiddlewares.httpproxy.HttpProxyMiddleware',
 'scrapy.downloadermiddlewares.stats.DownloaderStats']
2020-01-30 16:14:20	scrapy.middleware	INFO	Enabled spider middlewares:
['scrapy.spidermiddlewares.httperror.HttpErrorMiddleware',
 'scrapy.spidermiddlewares.offsite.OffsiteMiddleware',
 'scrapy.spidermiddlewares.referer.RefererMiddleware',
 'scrapy.spidermiddlewares.urllength.UrlLengthMiddleware',
 'scrapy.spidermiddlewares.depth.DepthMiddleware']
2020-01-30 16:14:20	scrapy.middleware	INFO	Enabled item pipelines:
['WeiboSearch.pipelines.TimePipeline',
 'WeiboSearch.pipelines.WeiboSpiderPipeline',
 'WeiboSearch.pipelines.MongoPipeline']
2020-01-30 16:14:20	scrapy.core.engine	INFO	Spider opened
2020-01-30 16:14:20	scrapy.extensions.logstats	INFO	Crawled 0 pages (at 0 pages/min), scraped 0 items (at 0 items/min)
2020-01-30 16:14:20	scrapy.extensions.telnet	INFO	Telnet console listening on 127.0.0.1:6023
2020-01-30 16:14:20	urllib3.connectionpool	DEBUG	Starting new HTTP connection (1): 127.0.0.1:5000
2020-01-30 16:14:21	scrapy.core.engine	DEBUG	Crawled (200) <GET https://weibo.cn/search/mblog?hideSearchFrame=&keyword=%E4%B9%8C%E9%B2%81%E6%9C%A8%E9%BD%90%E5%B8%82%E5%85%AC%E5%85%B1%E4%BA%A4%E9%80%9A%E9%9B%86%E5%9B%A2%E6%9C%89%E9%99%90%E5%85%AC%E5%8F%B8%E4%B8%A5%E6%AD%A3%E5%A3%B0%E6%98%8E&advancedfilter=1&starttime=20200128&endtime=20200129&sort=time> (referer: None)
2020-01-30 16:14:21	scrapy.core.scraper	DEBUG	Scraped from <200 https://weibo.cn/search/mblog?hideSearchFrame=&keyword=%E4%B9%8C%E9%B2%81%E6%9C%A8%E9%BD%90%E5%B8%82%E5%85%AC%E5%85%B1%E4%BA%A4%E9%80%9A%E9%9B%86%E5%9B%A2%E6%9C%89%E9%99%90%E5%85%AC%E5%8F%B8%E4%B8%A5%E6%AD%A3%E5%A3%B0%E6%98%8E&advancedfilter=1&starttime=20200128&endtime=20200129&sort=time>
{'crawled_at': '2020-01-30 16:14:21',
 'created_at': '2020-01-29 22:56',
 'favorite_count': 130,
 'id_str': '2526769220_IrMiVaIGN',
 'image_url': 'http://wx4.sinaimg.cn/wap180/969b7044ly1gbdtpurzn6j20bm0lwgol.jpg',
 'reply_count': 57,
 'retweet_count': 11,
 'source': 'iPhone X',
 'text': '【“乌鲁木齐公交集团停运公交线路”系谣言】1月29日中午，一则“消息”迅速在网上传播。乌鲁木齐市公共交通集团有限公司严正声明：公交集团负责运营管理的公交线路，没有接到上级安排停运指令。上述“消息”均为谣言，请广大市民不信谣、不传谣，放心乘车。公交集团表示，按照上级部门的工作部署和要求，将严格落实运营车辆消毒、通风等“防控”措施。按照运营计划做好出车服务。同时，加强公交职工的个人防护防控工作，竭尽全力保障市民出行，提供安全的乘车环境。cr乌鲁木齐公交集团',
 'user': '2526769220',
 'username': '乌鲁木齐爆新鲜',
 'weibo_url': 'https://weibo.com/2526769220/IrMiVaIGN'}
2020-01-30 16:14:21	scrapy.core.scraper	DEBUG	Scraped from <200 https://weibo.cn/search/mblog?hideSearchFrame=&keyword=%E4%B9%8C%E9%B2%81%E6%9C%A8%E9%BD%90%E5%B8%82%E5%85%AC%E5%85%B1%E4%BA%A4%E9%80%9A%E9%9B%86%E5%9B%A2%E6%9C%89%E9%99%90%E5%85%AC%E5%8F%B8%E4%B8%A5%E6%AD%A3%E5%A3%B0%E6%98%8E&advancedfilter=1&starttime=20200128&endtime=20200129&sort=time>
{'crawled_at': '2020-01-30 16:14:21',
 'created_at': '2020-01-29 22:30',
 'favorite_count': 0,
 'id_str': '1296520662_IrM8nwqmE',
 'image_url': 'http://wx1.sinaimg.cn/wap180/4d4755d6ly1gbdsx3ub4kj20u01t044q.jpg',
 'place': True,
 'reply_count': 1,
 'retweet_count': 1,
 'source': 'HUAWEI Mate 20 Pro',
 'text': '乌鲁木齐市公共交通集团有限公司严正声明：公交集团负责运营管理的公交线路，没有接到上级安排停运指令。上述“消息”均为谣言，请广大市民不信谣、不传谣，放心乘车。#万众一心打赢疫情防控阻击战##抗击新型肺炎我们在行动##新型冠状病毒可通过接触传播##新型冠状病毒##抗击新型肺炎第一线##辟谣##微博辟谣##乌鲁木齐##乌鲁木齐身边事##正能量##公交##交通#',
 'user': '1296520662',
 'username': '易会林',
 'weibo_url': 'https://weibo.com/1296520662/IrM8nwqmE'}
2020-01-30 16:14:21	urllib3.connectionpool	DEBUG	Starting new HTTP connection (1): 127.0.0.1:5000
2020-01-30 16:14:21	urllib3.connectionpool	DEBUG	Starting new HTTP connection (1): 127.0.0.1:5000
2020-01-30 16:14:21	urllib3.connectionpool	DEBUG	Starting new HTTP connection (1): 127.0.0.1:5000
2020-01-30 16:14:22	scrapy.core.engine	DEBUG	Crawled (200) <GET https://weibo.cn/1296520662/IrM8nwqmE> (referer: https://weibo.cn/search/mblog?hideSearchFrame=&keyword=%E4%B9%8C%E9%B2%81%E6%9C%A8%E9%BD%90%E5%B8%82%E5%85%AC%E5%85%B1%E4%BA%A4%E9%80%9A%E9%9B%86%E5%9B%A2%E6%9C%89%E9%99%90%E5%85%AC%E5%8F%B8%E4%B8%A5%E6%AD%A3%E5%A3%B0%E6%98%8E&advancedfilter=1&starttime=20200128&endtime=20200129&sort=time)
2020-01-30 16:14:22	scrapy.core.scraper	ERROR	Error processing {'crawled_at': '2020-01-30 16:14:22',
 'created_at': '2020-01-29 22:30',
 'favorite_count': 0,
 'id_str': '1296520662_IrM8nwqmE',
 'image_url': 'http://wx1.sinaimg.cn/wap180/4d4755d6ly1gbdsx3ub4kj20u01t044q.jpg',
 'place': '乌鲁木齐·格林威治城',
 'reply_count': 1,
 'retweet_count': 1,
 'source': 'HUAWEI Mate 20 Pro',
 'text': '乌鲁木齐市公共交通集团有限公司严正声明：公交集团负责运营管理的公交线路，没有接到上级安排停运指令。上述“消息”均为谣言，请广大市民不信谣、不传谣，放心乘车。#万众一心打赢疫情防控阻击战##抗击新型肺炎我们在行动##新型冠状病毒可通过接触传播##新型冠状病毒##抗击新型肺炎第一线##辟谣##微博辟谣##乌鲁木齐##乌鲁木齐身边事##正能量##公交##交通#',
 'user': '1296520662',
 'username': '易会林',
 'weibo_url': 'https://weibo.com/1296520662/IrM8nwqmE'}
Traceback (most recent call last):
  File "/Users/gao/PycharmProjects/WeiboCrawler/WeiboSearch/pipelines.py", line 83, in insert_item
    collection.insert(dict(item))
  File "/Users/gao/opt/anaconda3/lib/python3.7/site-packages/pymongo/collection.py", line 3182, in insert
    check_keys, manipulate, write_concern)
  File "/Users/gao/opt/anaconda3/lib/python3.7/site-packages/pymongo/collection.py", line 612, in _insert
    bypass_doc_val, session)
  File "/Users/gao/opt/anaconda3/lib/python3.7/site-packages/pymongo/collection.py", line 600, in _insert_one
    acknowledged, _insert_command, session)
  File "/Users/gao/opt/anaconda3/lib/python3.7/site-packages/pymongo/mongo_client.py", line 1492, in _retryable_write
    return self._retry_with_session(retryable, func, s, None)
  File "/Users/gao/opt/anaconda3/lib/python3.7/site-packages/pymongo/mongo_client.py", line 1385, in _retry_with_session
    return func(session, sock_info, retryable)
  File "/Users/gao/opt/anaconda3/lib/python3.7/site-packages/pymongo/collection.py", line 597, in _insert_command
    _check_write_command_response(result)
  File "/Users/gao/opt/anaconda3/lib/python3.7/site-packages/pymongo/helpers.py", line 221, in _check_write_command_response
    _raise_last_write_error(write_errors)
  File "/Users/gao/opt/anaconda3/lib/python3.7/site-packages/pymongo/helpers.py", line 202, in _raise_last_write_error
    raise DuplicateKeyError(error.get("errmsg"), 11000, error)
pymongo.errors.DuplicateKeyError: E11000 duplicate key error collection: wuhan_pneumonia.weibo_zh index: id_str_1 dup key: { id_str: "1296520662_IrM8nwqmE" }

During handling of the above exception, another exception occurred:

Traceback (most recent call last):
  File "/Users/gao/.local/lib/python3.7/site-packages/twisted/internet/defer.py", line 654, in _runCallbacks
    current.result = callback(current.result, *args, **kw)
  File "/Users/gao/PycharmProjects/WeiboCrawler/WeiboSearch/pipelines.py", line 74, in process_item
    self.insert_item(self.Tweets, item)
  File "/Users/gao/PycharmProjects/WeiboCrawler/WeiboSearch/pipelines.py", line 88, in insert_item
    collection.update_one({'id_str': item.id}, {'$set': {'place': item['place'], 'text': item['text']}}, upsert=True)
  File "/Users/gao/opt/anaconda3/lib/python3.7/site-packages/scrapy/item.py", line 106, in __getattr__
    raise AttributeError(name)
AttributeError: id
2020-01-30 16:14:24	scrapy.core.engine	DEBUG	Crawled (200) <GET https://weibo.cn/1296520662/info> (referer: https://weibo.cn/search/mblog?hideSearchFrame=&keyword=%E4%B9%8C%E9%B2%81%E6%9C%A8%E9%BD%90%E5%B8%82%E5%85%AC%E5%85%B1%E4%BA%A4%E9%80%9A%E9%9B%86%E5%9B%A2%E6%9C%89%E9%99%90%E5%85%AC%E5%8F%B8%E4%B8%A5%E6%AD%A3%E5%A3%B0%E6%98%8E&advancedfilter=1&starttime=20200128&endtime=20200129&sort=time)
2020-01-30 16:14:24	urllib3.connectionpool	DEBUG	Starting new HTTP connection (1): 127.0.0.1:5000
2020-01-30 16:14:25	scrapy.core.engine	DEBUG	Crawled (200) <GET https://weibo.cn/2526769220/info> (referer: https://weibo.cn/search/mblog?hideSearchFrame=&keyword=%E4%B9%8C%E9%B2%81%E6%9C%A8%E9%BD%90%E5%B8%82%E5%85%AC%E5%85%B1%E4%BA%A4%E9%80%9A%E9%9B%86%E5%9B%A2%E6%9C%89%E9%99%90%E5%85%AC%E5%8F%B8%E4%B8%A5%E6%AD%A3%E5%A3%B0%E6%98%8E&advancedfilter=1&starttime=20200128&endtime=20200129&sort=time)
2020-01-30 16:14:25	urllib3.connectionpool	DEBUG	Starting new HTTP connection (1): 127.0.0.1:5000
2020-01-30 16:14:28	scrapy.core.engine	DEBUG	Crawled (200) <GET https://weibo.cn/u/1296520662> (referer: https://weibo.cn/1296520662/info)
2020-01-30 16:14:28	scrapy.core.scraper	DEBUG	Scraped from <200 https://weibo.cn/u/1296520662>
{'authentication': '记者、新疆摄影家协会会员易会林 知名摄影博主 头条文章作者',
 'birthday': '2010-05-01',
 'brief_introduction': '汉族，根在江苏，生在新疆。电视记者，新疆摄影家协会会员。',
 'city': '乌鲁木齐',
 'crawled_at': '2020-01-30 16:14:28',
 'fans_num': 156926,
 'follows_num': 2359,
 'gender': '男',
 'id': '1296520662',
 'labels': '易会林,杂谈,摄影',
 'name': '易会林',
 'province': '新疆',
 'tweets_num': 50894,
 'vip_level': '7级'}
2020-01-30 16:14:28	scrapy.core.engine	DEBUG	Crawled (200) <GET https://weibo.cn/u/2526769220> (referer: https://weibo.cn/2526769220/info)
2020-01-30 16:14:28	scrapy.core.scraper	DEBUG	Scraped from <200 https://weibo.cn/u/2526769220>
{'authentication': '微博乌鲁木齐同城大使 微博故事原创作者 微博原创视频博主',
 'brief_introduction': '乌鲁木齐同城大使',
 'city': '乌鲁木齐',
 'crawled_at': '2020-01-30 16:14:28',
 'fans_num': 697681,
 'follows_num': 714,
 'gender': '男',
 'id': '2526769220',
 'labels': '电影,唱歌,90后',
 'name': '乌鲁木齐爆新鲜',
 'province': '新疆',
 'tweets_num': 16242,
 'vip_level': '6级'}
2020-01-30 16:14:28	scrapy.core.engine	INFO	Closing spider (finished)
2020-01-30 16:14:28	scrapy.statscollectors	INFO	Dumping Scrapy stats:
{'downloader/request_bytes': 4008,
 'downloader/request_count': 6,
 'downloader/request_method_count/GET': 6,
 'downloader/response_bytes': 28923,
 'downloader/response_count': 6,
 'downloader/response_status_count/200': 6,
 'elapsed_time_seconds': 7.931542,
 'finish_reason': 'finished',
 'finish_time': datetime.datetime(2020, 1, 30, 7, 14, 28, 746180),
 'item_scraped_count': 4,
 'log_count/DEBUG': 16,
 'log_count/ERROR': 1,
 'log_count/INFO': 10,
 'memusage/max': 77967360,
 'memusage/startup': 77967360,
 'request_depth_max': 2,
 'response_received_count': 6,
 'scheduler/dequeued': 6,
 'scheduler/dequeued/memory': 6,
 'scheduler/enqueued': 6,
 'scheduler/enqueued/memory': 6,
 'start_time': datetime.datetime(2020, 1, 30, 7, 14, 20, 814638)}
2020-01-30 16:14:28	scrapy.core.engine	INFO	Spider closed (finished)
2020-01-30 16:15:12	scrapy.utils.log	INFO	Scrapy 1.8.0 started (bot: WeiboSearch)
2020-01-30 16:15:12	scrapy.utils.log	INFO	Versions: lxml 4.4.2.0, libxml2 2.9.9, cssselect 1.1.0, parsel 1.5.2, w3lib 1.21.0, Twisted 19.10.0, Python 3.7.5 (default, Oct 25 2019, 10:52:18) - [Clang 4.0.1 (tags/RELEASE_401/final)], pyOpenSSL 19.1.0 (OpenSSL 1.1.1d  10 Sep 2019), cryptography 2.8, Platform Darwin-19.3.0-x86_64-i386-64bit
2020-01-30 16:15:12	scrapy.crawler	INFO	Overridden settings: {'BOT_NAME': 'WeiboSearch', 'DOWNLOAD_DELAY': 1, 'LOG_ENABLED': '0', 'NEWSPIDER_MODULE': 'WeiboSearch.spiders', 'RETRY_HTTP_CODES': [401, 403, 408, 414, 500, 502, 503, 504], 'SPIDER_MODULES': ['WeiboSearch.spiders']}
2020-01-30 16:15:12	scrapy.extensions.telnet	INFO	Telnet Password: 62b835b891eacbb5
2020-01-30 16:15:12	scrapy.middleware	INFO	Enabled extensions:
['scrapy.extensions.corestats.CoreStats',
 'scrapy.extensions.telnet.TelnetConsole',
 'scrapy.extensions.memusage.MemoryUsage',
 'scrapy.extensions.logstats.LogStats']
2020-01-30 16:15:13	scrapy.middleware	INFO	Enabled downloader middlewares:
['scrapy.downloadermiddlewares.httpauth.HttpAuthMiddleware',
 'scrapy.downloadermiddlewares.downloadtimeout.DownloadTimeoutMiddleware',
 'scrapy.downloadermiddlewares.defaultheaders.DefaultHeadersMiddleware',
 'scrapy.downloadermiddlewares.useragent.UserAgentMiddleware',
 'scrapy.downloadermiddlewares.retry.RetryMiddleware',
 'WeiboSearch.middlewares.CookiesMiddleware',
 'WeiboSearch.middlewares.ProxyMiddleware',
 'scrapy.downloadermiddlewares.redirect.MetaRefreshMiddleware',
 'scrapy.downloadermiddlewares.httpcompression.HttpCompressionMiddleware',
 'scrapy.downloadermiddlewares.httpproxy.HttpProxyMiddleware',
 'scrapy.downloadermiddlewares.stats.DownloaderStats']
2020-01-30 16:15:13	scrapy.middleware	INFO	Enabled spider middlewares:
['scrapy.spidermiddlewares.httperror.HttpErrorMiddleware',
 'scrapy.spidermiddlewares.offsite.OffsiteMiddleware',
 'scrapy.spidermiddlewares.referer.RefererMiddleware',
 'scrapy.spidermiddlewares.urllength.UrlLengthMiddleware',
 'scrapy.spidermiddlewares.depth.DepthMiddleware']
2020-01-30 16:15:13	scrapy.middleware	INFO	Enabled item pipelines:
['WeiboSearch.pipelines.TimePipeline',
 'WeiboSearch.pipelines.WeiboSpiderPipeline',
 'WeiboSearch.pipelines.MongoPipeline']
2020-01-30 16:15:13	scrapy.core.engine	INFO	Spider opened
2020-01-30 16:15:13	scrapy.extensions.logstats	INFO	Crawled 0 pages (at 0 pages/min), scraped 0 items (at 0 items/min)
2020-01-30 16:15:13	scrapy.extensions.telnet	INFO	Telnet console listening on 127.0.0.1:6023
2020-01-30 16:15:13	urllib3.connectionpool	DEBUG	Starting new HTTP connection (1): 127.0.0.1:5000
2020-01-30 16:15:13	scrapy.core.engine	DEBUG	Crawled (200) <GET https://weibo.cn/search/mblog?hideSearchFrame=&keyword=%E4%B9%8C%E9%B2%81%E6%9C%A8%E9%BD%90%E5%B8%82%E5%85%AC%E5%85%B1%E4%BA%A4%E9%80%9A%E9%9B%86%E5%9B%A2%E6%9C%89%E9%99%90%E5%85%AC%E5%8F%B8%E4%B8%A5%E6%AD%A3%E5%A3%B0%E6%98%8E&advancedfilter=1&starttime=20200128&endtime=20200129&sort=time> (referer: None)
2020-01-30 16:15:15	scrapy.core.scraper	DEBUG	Scraped from <200 https://weibo.cn/search/mblog?hideSearchFrame=&keyword=%E4%B9%8C%E9%B2%81%E6%9C%A8%E9%BD%90%E5%B8%82%E5%85%AC%E5%85%B1%E4%BA%A4%E9%80%9A%E9%9B%86%E5%9B%A2%E6%9C%89%E9%99%90%E5%85%AC%E5%8F%B8%E4%B8%A5%E6%AD%A3%E5%A3%B0%E6%98%8E&advancedfilter=1&starttime=20200128&endtime=20200129&sort=time>
{'crawled_at': '2020-01-30 16:15:15',
 'created_at': '2020-01-29 22:56',
 'favorite_count': 130,
 'id_str': '2526769220_IrMiVaIGN',
 'image_url': 'http://wx4.sinaimg.cn/wap180/969b7044ly1gbdtpurzn6j20bm0lwgol.jpg',
 'reply_count': 57,
 'retweet_count': 11,
 'source': 'iPhone X',
 'text': '【“乌鲁木齐公交集团停运公交线路”系谣言】1月29日中午，一则“消息”迅速在网上传播。乌鲁木齐市公共交通集团有限公司严正声明：公交集团负责运营管理的公交线路，没有接到上级安排停运指令。上述“消息”均为谣言，请广大市民不信谣、不传谣，放心乘车。公交集团表示，按照上级部门的工作部署和要求，将严格落实运营车辆消毒、通风等“防控”措施。按照运营计划做好出车服务。同时，加强公交职工的个人防护防控工作，竭尽全力保障市民出行，提供安全的乘车环境。cr乌鲁木齐公交集团',
 'user': '2526769220',
 'username': '乌鲁木齐爆新鲜',
 'weibo_url': 'https://weibo.com/2526769220/IrMiVaIGN'}
2020-01-30 16:15:18	urllib3.connectionpool	DEBUG	Starting new HTTP connection (1): 127.0.0.1:5000
2020-01-30 16:15:18	urllib3.connectionpool	DEBUG	Starting new HTTP connection (1): 127.0.0.1:5000
2020-01-30 16:15:18	scrapy.core.scraper	DEBUG	Scraped from <200 https://weibo.cn/search/mblog?hideSearchFrame=&keyword=%E4%B9%8C%E9%B2%81%E6%9C%A8%E9%BD%90%E5%B8%82%E5%85%AC%E5%85%B1%E4%BA%A4%E9%80%9A%E9%9B%86%E5%9B%A2%E6%9C%89%E9%99%90%E5%85%AC%E5%8F%B8%E4%B8%A5%E6%AD%A3%E5%A3%B0%E6%98%8E&advancedfilter=1&starttime=20200128&endtime=20200129&sort=time>
{'crawled_at': '2020-01-30 16:15:18',
 'created_at': '2020-01-29 22:30',
 'favorite_count': 0,
 'id_str': '1296520662_IrM8nwqmE',
 'image_url': 'http://wx1.sinaimg.cn/wap180/4d4755d6ly1gbdsx3ub4kj20u01t044q.jpg',
 'place': True,
 'reply_count': 1,
 'retweet_count': 1,
 'source': 'HUAWEI Mate 20 Pro',
 'text': '乌鲁木齐市公共交通集团有限公司严正声明：公交集团负责运营管理的公交线路，没有接到上级安排停运指令。上述“消息”均为谣言，请广大市民不信谣、不传谣，放心乘车。#万众一心打赢疫情防控阻击战##抗击新型肺炎我们在行动##新型冠状病毒可通过接触传播##新型冠状病毒##抗击新型肺炎第一线##辟谣##微博辟谣##乌鲁木齐##乌鲁木齐身边事##正能量##公交##交通#',
 'user': '1296520662',
 'username': '易会林',
 'weibo_url': 'https://weibo.com/1296520662/IrM8nwqmE'}
2020-01-30 16:15:18	urllib3.connectionpool	DEBUG	Starting new HTTP connection (1): 127.0.0.1:5000
2020-01-30 16:15:18	scrapy.core.engine	DEBUG	Crawled (200) <GET https://weibo.cn/1296520662/IrM8nwqmE> (referer: https://weibo.cn/search/mblog?hideSearchFrame=&keyword=%E4%B9%8C%E9%B2%81%E6%9C%A8%E9%BD%90%E5%B8%82%E5%85%AC%E5%85%B1%E4%BA%A4%E9%80%9A%E9%9B%86%E5%9B%A2%E6%9C%89%E9%99%90%E5%85%AC%E5%8F%B8%E4%B8%A5%E6%AD%A3%E5%A3%B0%E6%98%8E&advancedfilter=1&starttime=20200128&endtime=20200129&sort=time)
2020-01-30 16:15:42	scrapy.crawler	INFO	Received SIGINT, shutting down gracefully. Send again to force 
2020-01-30 16:16:03	scrapy.utils.log	INFO	Scrapy 1.8.0 started (bot: WeiboSearch)
2020-01-30 16:16:03	scrapy.utils.log	INFO	Versions: lxml 4.4.2.0, libxml2 2.9.9, cssselect 1.1.0, parsel 1.5.2, w3lib 1.21.0, Twisted 19.10.0, Python 3.7.5 (default, Oct 25 2019, 10:52:18) - [Clang 4.0.1 (tags/RELEASE_401/final)], pyOpenSSL 19.1.0 (OpenSSL 1.1.1d  10 Sep 2019), cryptography 2.8, Platform Darwin-19.3.0-x86_64-i386-64bit
2020-01-30 16:16:03	scrapy.crawler	INFO	Overridden settings: {'BOT_NAME': 'WeiboSearch', 'DOWNLOAD_DELAY': 1, 'LOG_ENABLED': '0', 'NEWSPIDER_MODULE': 'WeiboSearch.spiders', 'RETRY_HTTP_CODES': [401, 403, 408, 414, 500, 502, 503, 504], 'SPIDER_MODULES': ['WeiboSearch.spiders']}
2020-01-30 16:16:03	scrapy.extensions.telnet	INFO	Telnet Password: 67e99e815468776b
2020-01-30 16:16:03	scrapy.middleware	INFO	Enabled extensions:
['scrapy.extensions.corestats.CoreStats',
 'scrapy.extensions.telnet.TelnetConsole',
 'scrapy.extensions.memusage.MemoryUsage',
 'scrapy.extensions.logstats.LogStats']
2020-01-30 16:16:04	scrapy.middleware	INFO	Enabled downloader middlewares:
['scrapy.downloadermiddlewares.httpauth.HttpAuthMiddleware',
 'scrapy.downloadermiddlewares.downloadtimeout.DownloadTimeoutMiddleware',
 'scrapy.downloadermiddlewares.defaultheaders.DefaultHeadersMiddleware',
 'scrapy.downloadermiddlewares.useragent.UserAgentMiddleware',
 'scrapy.downloadermiddlewares.retry.RetryMiddleware',
 'WeiboSearch.middlewares.CookiesMiddleware',
 'WeiboSearch.middlewares.ProxyMiddleware',
 'scrapy.downloadermiddlewares.redirect.MetaRefreshMiddleware',
 'scrapy.downloadermiddlewares.httpcompression.HttpCompressionMiddleware',
 'scrapy.downloadermiddlewares.httpproxy.HttpProxyMiddleware',
 'scrapy.downloadermiddlewares.stats.DownloaderStats']
2020-01-30 16:16:04	scrapy.middleware	INFO	Enabled spider middlewares:
['scrapy.spidermiddlewares.httperror.HttpErrorMiddleware',
 'scrapy.spidermiddlewares.offsite.OffsiteMiddleware',
 'scrapy.spidermiddlewares.referer.RefererMiddleware',
 'scrapy.spidermiddlewares.urllength.UrlLengthMiddleware',
 'scrapy.spidermiddlewares.depth.DepthMiddleware']
2020-01-30 16:16:04	scrapy.middleware	INFO	Enabled item pipelines:
['WeiboSearch.pipelines.TimePipeline',
 'WeiboSearch.pipelines.WeiboSpiderPipeline',
 'WeiboSearch.pipelines.MongoPipeline']
2020-01-30 16:16:04	scrapy.core.engine	INFO	Spider opened
2020-01-30 16:16:04	scrapy.extensions.logstats	INFO	Crawled 0 pages (at 0 pages/min), scraped 0 items (at 0 items/min)
2020-01-30 16:16:04	scrapy.extensions.telnet	INFO	Telnet console listening on 127.0.0.1:6023
2020-01-30 16:16:04	urllib3.connectionpool	DEBUG	Starting new HTTP connection (1): 127.0.0.1:5000
2020-01-30 16:16:04	scrapy.core.engine	DEBUG	Crawled (200) <GET https://weibo.cn/search/mblog?hideSearchFrame=&keyword=%E4%B9%8C%E9%B2%81%E6%9C%A8%E9%BD%90%E5%B8%82%E5%85%AC%E5%85%B1%E4%BA%A4%E9%80%9A%E9%9B%86%E5%9B%A2%E6%9C%89%E9%99%90%E5%85%AC%E5%8F%B8%E4%B8%A5%E6%AD%A3%E5%A3%B0%E6%98%8E&advancedfilter=1&starttime=20200128&endtime=20200129&sort=time> (referer: None)
2020-01-30 16:16:07	scrapy.core.scraper	ERROR	Error processing {'crawled_at': '2020-01-30 16:16:07',
 'created_at': '2020-01-29 22:56',
 'favorite_count': 130,
 'id_str': '2526769220_IrMiVaIGN',
 'image_url': 'http://wx4.sinaimg.cn/wap180/969b7044ly1gbdtpurzn6j20bm0lwgol.jpg',
 'reply_count': 57,
 'retweet_count': 11,
 'source': 'iPhone X',
 'text': '【“乌鲁木齐公交集团停运公交线路”系谣言】1月29日中午，一则“消息”迅速在网上传播。乌鲁木齐市公共交通集团有限公司严正声明：公交集团负责运营管理的公交线路，没有接到上级安排停运指令。上述“消息”均为谣言，请广大市民不信谣、不传谣，放心乘车。公交集团表示，按照上级部门的工作部署和要求，将严格落实运营车辆消毒、通风等“防控”措施。按照运营计划做好出车服务。同时，加强公交职工的个人防护防控工作，竭尽全力保障市民出行，提供安全的乘车环境。cr乌鲁木齐公交集团',
 'user': '2526769220',
 'username': '乌鲁木齐爆新鲜',
 'weibo_url': 'https://weibo.com/2526769220/IrMiVaIGN'}
Traceback (most recent call last):
  File "/Users/gao/PycharmProjects/WeiboCrawler/WeiboSearch/pipelines.py", line 83, in insert_item
    collection.insert(dict(item))
  File "/Users/gao/opt/anaconda3/lib/python3.7/site-packages/pymongo/collection.py", line 3182, in insert
    check_keys, manipulate, write_concern)
  File "/Users/gao/opt/anaconda3/lib/python3.7/site-packages/pymongo/collection.py", line 612, in _insert
    bypass_doc_val, session)
  File "/Users/gao/opt/anaconda3/lib/python3.7/site-packages/pymongo/collection.py", line 600, in _insert_one
    acknowledged, _insert_command, session)
  File "/Users/gao/opt/anaconda3/lib/python3.7/site-packages/pymongo/mongo_client.py", line 1492, in _retryable_write
    return self._retry_with_session(retryable, func, s, None)
  File "/Users/gao/opt/anaconda3/lib/python3.7/site-packages/pymongo/mongo_client.py", line 1385, in _retry_with_session
    return func(session, sock_info, retryable)
  File "/Users/gao/opt/anaconda3/lib/python3.7/site-packages/pymongo/collection.py", line 597, in _insert_command
    _check_write_command_response(result)
  File "/Users/gao/opt/anaconda3/lib/python3.7/site-packages/pymongo/helpers.py", line 221, in _check_write_command_response
    _raise_last_write_error(write_errors)
  File "/Users/gao/opt/anaconda3/lib/python3.7/site-packages/pymongo/helpers.py", line 202, in _raise_last_write_error
    raise DuplicateKeyError(error.get("errmsg"), 11000, error)
pymongo.errors.DuplicateKeyError: E11000 duplicate key error collection: wuhan_pneumonia.weibo_zh index: id_str_1 dup key: { id_str: "2526769220_IrMiVaIGN" }

During handling of the above exception, another exception occurred:

Traceback (most recent call last):
  File "/Users/gao/.local/lib/python3.7/site-packages/twisted/internet/defer.py", line 654, in _runCallbacks
    current.result = callback(current.result, *args, **kw)
  File "/Users/gao/PycharmProjects/WeiboCrawler/WeiboSearch/pipelines.py", line 74, in process_item
    self.insert_item(self.Tweets, item)
  File "/Users/gao/PycharmProjects/WeiboCrawler/WeiboSearch/pipelines.py", line 88, in insert_item
    print(item['place'])
  File "/Users/gao/opt/anaconda3/lib/python3.7/site-packages/scrapy/item.py", line 91, in __getitem__
    return self._values[key]
KeyError: 'place'
2020-01-30 16:16:08	urllib3.connectionpool	DEBUG	Starting new HTTP connection (1): 127.0.0.1:5000
2020-01-30 16:16:08	urllib3.connectionpool	DEBUG	Starting new HTTP connection (1): 127.0.0.1:5000
2020-01-30 16:16:09	scrapy.core.scraper	DEBUG	Scraped from <200 https://weibo.cn/search/mblog?hideSearchFrame=&keyword=%E4%B9%8C%E9%B2%81%E6%9C%A8%E9%BD%90%E5%B8%82%E5%85%AC%E5%85%B1%E4%BA%A4%E9%80%9A%E9%9B%86%E5%9B%A2%E6%9C%89%E9%99%90%E5%85%AC%E5%8F%B8%E4%B8%A5%E6%AD%A3%E5%A3%B0%E6%98%8E&advancedfilter=1&starttime=20200128&endtime=20200129&sort=time>
{'crawled_at': '2020-01-30 16:16:08',
 'created_at': '2020-01-29 22:30',
 'favorite_count': 0,
 'id_str': '1296520662_IrM8nwqmE',
 'image_url': 'http://wx1.sinaimg.cn/wap180/4d4755d6ly1gbdsx3ub4kj20u01t044q.jpg',
 'place': True,
 'reply_count': 1,
 'retweet_count': 1,
 'source': 'HUAWEI Mate 20 Pro',
 'text': '乌鲁木齐市公共交通集团有限公司严正声明：公交集团负责运营管理的公交线路，没有接到上级安排停运指令。上述“消息”均为谣言，请广大市民不信谣、不传谣，放心乘车。#万众一心打赢疫情防控阻击战##抗击新型肺炎我们在行动##新型冠状病毒可通过接触传播##新型冠状病毒##抗击新型肺炎第一线##辟谣##微博辟谣##乌鲁木齐##乌鲁木齐身边事##正能量##公交##交通#',
 'user': '1296520662',
 'username': '易会林',
 'weibo_url': 'https://weibo.com/1296520662/IrM8nwqmE'}
2020-01-30 16:16:09	urllib3.connectionpool	DEBUG	Starting new HTTP connection (1): 127.0.0.1:5000
2020-01-30 16:16:09	scrapy.core.engine	DEBUG	Crawled (200) <GET https://weibo.cn/1296520662/IrM8nwqmE> (referer: https://weibo.cn/search/mblog?hideSearchFrame=&keyword=%E4%B9%8C%E9%B2%81%E6%9C%A8%E9%BD%90%E5%B8%82%E5%85%AC%E5%85%B1%E4%BA%A4%E9%80%9A%E9%9B%86%E5%9B%A2%E6%9C%89%E9%99%90%E5%85%AC%E5%8F%B8%E4%B8%A5%E6%AD%A3%E5%A3%B0%E6%98%8E&advancedfilter=1&starttime=20200128&endtime=20200129&sort=time)
2020-01-30 16:16:10	scrapy.core.scraper	DEBUG	Scraped from <200 https://weibo.cn/1296520662/IrM8nwqmE>
{'crawled_at': '2020-01-30 16:16:09',
 'created_at': '2020-01-29 22:30',
 'favorite_count': 0,
 'id_str': '1296520662_IrM8nwqmE',
 'image_url': 'http://wx1.sinaimg.cn/wap180/4d4755d6ly1gbdsx3ub4kj20u01t044q.jpg',
 'place': '乌鲁木齐·格林威治城',
 'reply_count': 1,
 'retweet_count': 1,
 'source': 'HUAWEI Mate 20 Pro',
 'text': '乌鲁木齐市公共交通集团有限公司严正声明：公交集团负责运营管理的公交线路，没有接到上级安排停运指令。上述“消息”均为谣言，请广大市民不信谣、不传谣，放心乘车。#万众一心打赢疫情防控阻击战##抗击新型肺炎我们在行动##新型冠状病毒可通过接触传播##新型冠状病毒##抗击新型肺炎第一线##辟谣##微博辟谣##乌鲁木齐##乌鲁木齐身边事##正能量##公交##交通#',
 'user': '1296520662',
 'username': '易会林',
 'weibo_url': 'https://weibo.com/1296520662/IrM8nwqmE'}
2020-01-30 16:16:11	scrapy.core.engine	DEBUG	Crawled (200) <GET https://weibo.cn/2526769220/info> (referer: https://weibo.cn/search/mblog?hideSearchFrame=&keyword=%E4%B9%8C%E9%B2%81%E6%9C%A8%E9%BD%90%E5%B8%82%E5%85%AC%E5%85%B1%E4%BA%A4%E9%80%9A%E9%9B%86%E5%9B%A2%E6%9C%89%E9%99%90%E5%85%AC%E5%8F%B8%E4%B8%A5%E6%AD%A3%E5%A3%B0%E6%98%8E&advancedfilter=1&starttime=20200128&endtime=20200129&sort=time)
2020-01-30 16:16:11	urllib3.connectionpool	DEBUG	Starting new HTTP connection (1): 127.0.0.1:5000
2020-01-30 16:16:11	scrapy.core.engine	DEBUG	Crawled (200) <GET https://weibo.cn/1296520662/info> (referer: https://weibo.cn/search/mblog?hideSearchFrame=&keyword=%E4%B9%8C%E9%B2%81%E6%9C%A8%E9%BD%90%E5%B8%82%E5%85%AC%E5%85%B1%E4%BA%A4%E9%80%9A%E9%9B%86%E5%9B%A2%E6%9C%89%E9%99%90%E5%85%AC%E5%8F%B8%E4%B8%A5%E6%AD%A3%E5%A3%B0%E6%98%8E&advancedfilter=1&starttime=20200128&endtime=20200129&sort=time)
2020-01-30 16:16:11	urllib3.connectionpool	DEBUG	Starting new HTTP connection (1): 127.0.0.1:5000
2020-01-30 16:16:12	scrapy.core.engine	DEBUG	Crawled (200) <GET https://weibo.cn/u/2526769220> (referer: https://weibo.cn/2526769220/info)
2020-01-30 16:16:12	scrapy.core.scraper	DEBUG	Scraped from <200 https://weibo.cn/u/2526769220>
{'authentication': '微博乌鲁木齐同城大使 微博故事原创作者 微博原创视频博主',
 'brief_introduction': '乌鲁木齐同城大使',
 'city': '乌鲁木齐',
 'crawled_at': '2020-01-30 16:16:12',
 'fans_num': 697681,
 'follows_num': 714,
 'gender': '男',
 'id': '2526769220',
 'labels': '电影,唱歌,90后',
 'name': '乌鲁木齐爆新鲜',
 'province': '新疆',
 'tweets_num': 16242,
 'vip_level': '6级'}
2020-01-30 16:16:13	scrapy.core.engine	DEBUG	Crawled (200) <GET https://weibo.cn/u/1296520662> (referer: https://weibo.cn/1296520662/info)
2020-01-30 16:16:13	scrapy.core.scraper	DEBUG	Scraped from <200 https://weibo.cn/u/1296520662>
{'authentication': '记者、新疆摄影家协会会员易会林 知名摄影博主 头条文章作者',
 'birthday': '2010-05-01',
 'brief_introduction': '汉族，根在江苏，生在新疆。电视记者，新疆摄影家协会会员。',
 'city': '乌鲁木齐',
 'crawled_at': '2020-01-30 16:16:13',
 'fans_num': 156926,
 'follows_num': 2359,
 'gender': '男',
 'id': '1296520662',
 'labels': '易会林,杂谈,摄影',
 'name': '易会林',
 'province': '新疆',
 'tweets_num': 50894,
 'vip_level': '7级'}
2020-01-30 16:16:13	scrapy.core.engine	INFO	Closing spider (finished)
2020-01-30 16:16:13	scrapy.statscollectors	INFO	Dumping Scrapy stats:
{'downloader/request_bytes': 4008,
 'downloader/request_count': 6,
 'downloader/request_method_count/GET': 6,
 'downloader/response_bytes': 29084,
 'downloader/response_count': 6,
 'downloader/response_status_count/200': 6,
 'elapsed_time_seconds': 9.233897,
 'finish_reason': 'finished',
 'finish_time': datetime.datetime(2020, 1, 30, 7, 16, 13, 589944),
 'item_scraped_count': 4,
 'log_count/DEBUG': 16,
 'log_count/ERROR': 1,
 'log_count/INFO': 10,
 'memusage/max': 108662784,
 'memusage/startup': 108662784,
 'request_depth_max': 2,
 'response_received_count': 6,
 'scheduler/dequeued': 6,
 'scheduler/dequeued/memory': 6,
 'scheduler/enqueued': 6,
 'scheduler/enqueued/memory': 6,
 'start_time': datetime.datetime(2020, 1, 30, 7, 16, 4, 356047)}
2020-01-30 16:16:13	scrapy.core.engine	INFO	Spider closed (finished)
2020-01-30 16:28:29	scrapy.utils.log	INFO	Scrapy 1.8.0 started (bot: WeiboSearch)
2020-01-30 16:28:29	scrapy.utils.log	INFO	Versions: lxml 4.4.2.0, libxml2 2.9.9, cssselect 1.1.0, parsel 1.5.2, w3lib 1.21.0, Twisted 19.10.0, Python 3.7.5 (default, Oct 25 2019, 10:52:18) - [Clang 4.0.1 (tags/RELEASE_401/final)], pyOpenSSL 19.1.0 (OpenSSL 1.1.1d  10 Sep 2019), cryptography 2.8, Platform Darwin-19.3.0-x86_64-i386-64bit
2020-01-30 16:28:29	scrapy.crawler	INFO	Overridden settings: {'BOT_NAME': 'WeiboSearch', 'DOWNLOAD_DELAY': 1, 'LOG_ENABLED': '0', 'NEWSPIDER_MODULE': 'WeiboSearch.spiders', 'RETRY_HTTP_CODES': [401, 403, 408, 414, 500, 502, 503, 504], 'SPIDER_MODULES': ['WeiboSearch.spiders']}
2020-01-30 16:28:29	scrapy.extensions.telnet	INFO	Telnet Password: e0ac7bf641e55f8d
2020-01-30 16:28:29	scrapy.middleware	INFO	Enabled extensions:
['scrapy.extensions.corestats.CoreStats',
 'scrapy.extensions.telnet.TelnetConsole',
 'scrapy.extensions.memusage.MemoryUsage',
 'scrapy.extensions.logstats.LogStats']
2020-01-30 16:28:30	scrapy.middleware	INFO	Enabled downloader middlewares:
['scrapy.downloadermiddlewares.httpauth.HttpAuthMiddleware',
 'scrapy.downloadermiddlewares.downloadtimeout.DownloadTimeoutMiddleware',
 'scrapy.downloadermiddlewares.defaultheaders.DefaultHeadersMiddleware',
 'scrapy.downloadermiddlewares.useragent.UserAgentMiddleware',
 'scrapy.downloadermiddlewares.retry.RetryMiddleware',
 'WeiboSearch.middlewares.CookiesMiddleware',
 'WeiboSearch.middlewares.ProxyMiddleware',
 'scrapy.downloadermiddlewares.redirect.MetaRefreshMiddleware',
 'scrapy.downloadermiddlewares.httpcompression.HttpCompressionMiddleware',
 'scrapy.downloadermiddlewares.httpproxy.HttpProxyMiddleware',
 'scrapy.downloadermiddlewares.stats.DownloaderStats']
2020-01-30 16:28:30	scrapy.middleware	INFO	Enabled spider middlewares:
['scrapy.spidermiddlewares.httperror.HttpErrorMiddleware',
 'scrapy.spidermiddlewares.offsite.OffsiteMiddleware',
 'scrapy.spidermiddlewares.referer.RefererMiddleware',
 'scrapy.spidermiddlewares.urllength.UrlLengthMiddleware',
 'scrapy.spidermiddlewares.depth.DepthMiddleware']
2020-01-30 16:28:30	scrapy.middleware	INFO	Enabled item pipelines:
['WeiboSearch.pipelines.TimePipeline',
 'WeiboSearch.pipelines.WeiboSpiderPipeline',
 'WeiboSearch.pipelines.MongoPipeline']
2020-01-30 16:28:30	scrapy.core.engine	INFO	Spider opened
2020-01-30 16:28:30	scrapy.extensions.logstats	INFO	Crawled 0 pages (at 0 pages/min), scraped 0 items (at 0 items/min)
2020-01-30 16:28:30	scrapy.extensions.telnet	INFO	Telnet console listening on 127.0.0.1:6023
2020-01-30 16:28:30	urllib3.connectionpool	DEBUG	Starting new HTTP connection (1): 127.0.0.1:5000
2020-01-30 16:28:30	scrapy.core.engine	DEBUG	Crawled (200) <GET https://weibo.cn/search/mblog?hideSearchFrame=&keyword=%E4%B9%8C%E9%B2%81%E6%9C%A8%E9%BD%90%E5%B8%82%E5%85%AC%E5%85%B1%E4%BA%A4%E9%80%9A%E9%9B%86%E5%9B%A2%E6%9C%89%E9%99%90%E5%85%AC%E5%8F%B8%E4%B8%A5%E6%AD%A3%E5%A3%B0%E6%98%8E&advancedfilter=1&starttime=20200128&endtime=20200129&sort=time> (referer: None)
2020-01-30 16:28:30	scrapy.core.scraper	DEBUG	Scraped from <200 https://weibo.cn/search/mblog?hideSearchFrame=&keyword=%E4%B9%8C%E9%B2%81%E6%9C%A8%E9%BD%90%E5%B8%82%E5%85%AC%E5%85%B1%E4%BA%A4%E9%80%9A%E9%9B%86%E5%9B%A2%E6%9C%89%E9%99%90%E5%85%AC%E5%8F%B8%E4%B8%A5%E6%AD%A3%E5%A3%B0%E6%98%8E&advancedfilter=1&starttime=20200128&endtime=20200129&sort=time>
{'crawled_at': '2020-01-30 16:28:30',
 'created_at': '2020-01-29 22:56',
 'favorite_count': 130,
 'id_str': '2526769220_IrMiVaIGN',
 'image_url': 'http://wx4.sinaimg.cn/wap180/969b7044ly1gbdtpurzn6j20bm0lwgol.jpg',
 'reply_count': 58,
 'retweet_count': 11,
 'source': 'iPhone X',
 'text': '【“乌鲁木齐公交集团停运公交线路”系谣言】1月29日中午，一则“消息”迅速在网上传播。乌鲁木齐市公共交通集团有限公司严正声明：公交集团负责运营管理的公交线路，没有接到上级安排停运指令。上述“消息”均为谣言，请广大市民不信谣、不传谣，放心乘车。公交集团表示，按照上级部门的工作部署和要求，将严格落实运营车辆消毒、通风等“防控”措施。按照运营计划做好出车服务。同时，加强公交职工的个人防护防控工作，竭尽全力保障市民出行，提供安全的乘车环境。cr乌鲁木齐公交集团',
 'user': '2526769220',
 'username': '乌鲁木齐爆新鲜',
 'weibo_url': 'https://weibo.com/2526769220/IrMiVaIGN'}
2020-01-30 16:28:31	scrapy.core.scraper	DEBUG	Scraped from <200 https://weibo.cn/search/mblog?hideSearchFrame=&keyword=%E4%B9%8C%E9%B2%81%E6%9C%A8%E9%BD%90%E5%B8%82%E5%85%AC%E5%85%B1%E4%BA%A4%E9%80%9A%E9%9B%86%E5%9B%A2%E6%9C%89%E9%99%90%E5%85%AC%E5%8F%B8%E4%B8%A5%E6%AD%A3%E5%A3%B0%E6%98%8E&advancedfilter=1&starttime=20200128&endtime=20200129&sort=time>
{'crawled_at': '2020-01-30 16:28:31',
 'created_at': '2020-01-29 22:30',
 'favorite_count': 0,
 'id_str': '1296520662_IrM8nwqmE',
 'image_url': 'http://wx1.sinaimg.cn/wap180/4d4755d6ly1gbdsx3ub4kj20u01t044q.jpg',
 'place': True,
 'reply_count': 1,
 'retweet_count': 1,
 'source': 'HUAWEI Mate 20 Pro',
 'text': '乌鲁木齐市公共交通集团有限公司严正声明：公交集团负责运营管理的公交线路，没有接到上级安排停运指令。上述“消息”均为谣言，请广大市民不信谣、不传谣，放心乘车。#万众一心打赢疫情防控阻击战##抗击新型肺炎我们在行动##新型冠状病毒可通过接触传播##新型冠状病毒##抗击新型肺炎第一线##辟谣##微博辟谣##乌鲁木齐##乌鲁木齐身边事##正能量##公交##交通#',
 'user': '1296520662',
 'username': '易会林',
 'weibo_url': 'https://weibo.com/1296520662/IrM8nwqmE'}
2020-01-30 16:28:31	urllib3.connectionpool	DEBUG	Starting new HTTP connection (1): 127.0.0.1:5000
2020-01-30 16:28:31	urllib3.connectionpool	DEBUG	Starting new HTTP connection (1): 127.0.0.1:5000
2020-01-30 16:28:31	urllib3.connectionpool	DEBUG	Starting new HTTP connection (1): 127.0.0.1:5000
2020-01-30 16:28:31	scrapy.core.engine	DEBUG	Crawled (200) <GET https://weibo.cn/1296520662/IrM8nwqmE> (referer: https://weibo.cn/search/mblog?hideSearchFrame=&keyword=%E4%B9%8C%E9%B2%81%E6%9C%A8%E9%BD%90%E5%B8%82%E5%85%AC%E5%85%B1%E4%BA%A4%E9%80%9A%E9%9B%86%E5%9B%A2%E6%9C%89%E9%99%90%E5%85%AC%E5%8F%B8%E4%B8%A5%E6%AD%A3%E5%A3%B0%E6%98%8E&advancedfilter=1&starttime=20200128&endtime=20200129&sort=time)
2020-01-30 16:28:31	scrapy.core.scraper	DEBUG	Scraped from <200 https://weibo.cn/1296520662/IrM8nwqmE>
{'crawled_at': '2020-01-30 16:28:31',
 'created_at': '2020-01-29 22:30',
 'favorite_count': 0,
 'id_str': '1296520662_IrM8nwqmE',
 'image_url': 'http://wx1.sinaimg.cn/wap180/4d4755d6ly1gbdsx3ub4kj20u01t044q.jpg',
 'place': '乌鲁木齐·格林威治城',
 'reply_count': 1,
 'retweet_count': 1,
 'source': 'HUAWEI Mate 20 Pro',
 'text': '乌鲁木齐市公共交通集团有限公司严正声明：公交集团负责运营管理的公交线路，没有接到上级安排停运指令。上述“消息”均为谣言，请广大市民不信谣、不传谣，放心乘车。#万众一心打赢疫情防控阻击战##抗击新型肺炎我们在行动##新型冠状病毒可通过接触传播##新型冠状病毒##抗击新型肺炎第一线##辟谣##微博辟谣##乌鲁木齐##乌鲁木齐身边事##正能量##公交##交通#',
 'user': '1296520662',
 'username': '易会林',
 'weibo_url': 'https://weibo.com/1296520662/IrM8nwqmE'}
2020-01-30 16:28:32	scrapy.core.engine	DEBUG	Crawled (200) <GET https://weibo.cn/1296520662/info> (referer: https://weibo.cn/search/mblog?hideSearchFrame=&keyword=%E4%B9%8C%E9%B2%81%E6%9C%A8%E9%BD%90%E5%B8%82%E5%85%AC%E5%85%B1%E4%BA%A4%E9%80%9A%E9%9B%86%E5%9B%A2%E6%9C%89%E9%99%90%E5%85%AC%E5%8F%B8%E4%B8%A5%E6%AD%A3%E5%A3%B0%E6%98%8E&advancedfilter=1&starttime=20200128&endtime=20200129&sort=time)
2020-01-30 16:28:32	urllib3.connectionpool	DEBUG	Starting new HTTP connection (1): 127.0.0.1:5000
2020-01-30 16:28:33	scrapy.core.engine	DEBUG	Crawled (200) <GET https://weibo.cn/2526769220/info> (referer: https://weibo.cn/search/mblog?hideSearchFrame=&keyword=%E4%B9%8C%E9%B2%81%E6%9C%A8%E9%BD%90%E5%B8%82%E5%85%AC%E5%85%B1%E4%BA%A4%E9%80%9A%E9%9B%86%E5%9B%A2%E6%9C%89%E9%99%90%E5%85%AC%E5%8F%B8%E4%B8%A5%E6%AD%A3%E5%A3%B0%E6%98%8E&advancedfilter=1&starttime=20200128&endtime=20200129&sort=time)
2020-01-30 16:28:33	urllib3.connectionpool	DEBUG	Starting new HTTP connection (1): 127.0.0.1:5000
2020-01-30 16:28:34	scrapy.core.engine	DEBUG	Crawled (200) <GET https://weibo.cn/u/1296520662> (referer: https://weibo.cn/1296520662/info)
2020-01-30 16:28:34	scrapy.core.scraper	DEBUG	Scraped from <200 https://weibo.cn/u/1296520662>
{'authentication': '记者、新疆摄影家协会会员易会林 知名摄影博主 头条文章作者',
 'birthday': '2010-05-01',
 'brief_introduction': '汉族，根在江苏，生在新疆。电视记者，新疆摄影家协会会员。',
 'city': '乌鲁木齐',
 'crawled_at': '2020-01-30 16:28:34',
 'fans_num': 156926,
 'follows_num': 2359,
 'gender': '男',
 'id': '1296520662',
 'labels': '易会林,杂谈,摄影',
 'name': '易会林',
 'province': '新疆',
 'tweets_num': 50894,
 'vip_level': '7级'}
2020-01-30 16:28:36	scrapy.core.engine	DEBUG	Crawled (200) <GET https://weibo.cn/u/2526769220> (referer: https://weibo.cn/2526769220/info)
2020-01-30 16:28:36	scrapy.core.scraper	DEBUG	Scraped from <200 https://weibo.cn/u/2526769220>
{'authentication': '微博乌鲁木齐同城大使 微博故事原创作者 微博原创视频博主',
 'brief_introduction': '乌鲁木齐同城大使',
 'city': '乌鲁木齐',
 'crawled_at': '2020-01-30 16:28:36',
 'fans_num': 697720,
 'follows_num': 714,
 'gender': '男',
 'id': '2526769220',
 'labels': '电影,唱歌,90后',
 'name': '乌鲁木齐爆新鲜',
 'province': '新疆',
 'tweets_num': 16242,
 'vip_level': '6级'}
2020-01-30 16:28:36	scrapy.core.engine	INFO	Closing spider (finished)
2020-01-30 16:28:36	scrapy.statscollectors	INFO	Dumping Scrapy stats:
{'downloader/request_bytes': 4008,
 'downloader/request_count': 6,
 'downloader/request_method_count/GET': 6,
 'downloader/response_bytes': 28941,
 'downloader/response_count': 6,
 'downloader/response_status_count/200': 6,
 'elapsed_time_seconds': 6.338966,
 'finish_reason': 'finished',
 'finish_time': datetime.datetime(2020, 1, 30, 7, 28, 36, 496075),
 'item_scraped_count': 5,
 'log_count/DEBUG': 17,
 'log_count/INFO': 10,
 'memusage/max': 77942784,
 'memusage/startup': 77942784,
 'request_depth_max': 2,
 'response_received_count': 6,
 'scheduler/dequeued': 6,
 'scheduler/dequeued/memory': 6,
 'scheduler/enqueued': 6,
 'scheduler/enqueued/memory': 6,
 'start_time': datetime.datetime(2020, 1, 30, 7, 28, 30, 157109)}
2020-01-30 16:28:36	scrapy.core.engine	INFO	Spider closed (finished)
